TN:
SF:src/modules/AccessControlModuleStandalone.sol
DA:22,161
FN:22,AccessControlModuleStandalone.constructor
FNDA:161,AccessControlModuleStandalone.constructor
DA:23,161
BRDA:23,0,0,4
DA:24,4
DA:29,157
DA:38,228
FN:38,AccessControlModuleStandalone.hasRole
FNDA:228,AccessControlModuleStandalone.hasRole
DA:40,328
BRDA:40,1,0,152
BRDA:40,1,1,176
DA:41,152
DA:43,176
FNF:2
FNH:2
LF:8
LH:8
BRF:3
BRH:3
end_of_record
TN:
SF:src/rules/validation/RuleBlacklist.sol
DA:41,22
FN:41,RuleBlacklist.detectTransferRestriction.0
FNDA:22,RuleBlacklist.detectTransferRestriction.0
DA:47,43
BRDA:47,0,0,14
BRDA:47,0,1,16
DA:48,14
DA:49,29
BRDA:49,1,0,13
BRDA:49,1,1,16
DA:50,13
DA:52,16
DA:59,7
FN:59,RuleBlacklist.detectTransferRestriction.1
FNDA:7,RuleBlacklist.detectTransferRestriction.1
DA:65,7
DA:71,16
FN:71,RuleBlacklist.detectTransferRestrictionFrom.0
FNDA:16,RuleBlacklist.detectTransferRestrictionFrom.0
DA:77,20
BRDA:77,2,0,6
BRDA:77,2,1,14
DA:78,6
DA:80,14
DA:87,4
FN:87,RuleBlacklist.detectTransferRestrictionFrom.1
FNDA:4,RuleBlacklist.detectTransferRestrictionFrom.1
DA:94,4
DA:103,4
FN:103,RuleBlacklist.canReturnTransferRestrictionCode
FNDA:4,RuleBlacklist.canReturnTransferRestrictionCode
DA:110,4
DA:111,2
DA:120,8
FN:120,RuleBlacklist.messageForTransferRestriction
FNDA:8,RuleBlacklist.messageForTransferRestriction
DA:127,8
BRDA:127,3,0,3
BRDA:127,3,1,2
DA:128,3
DA:129,5
BRDA:129,4,0,2
BRDA:129,4,1,2
DA:130,2
DA:131,3
BRDA:131,5,0,1
BRDA:131,5,1,2
DA:132,1
DA:134,2
DA:138,0
FN:138,RuleBlacklist.supportsInterface
FNDA:0,RuleBlacklist.supportsInterface
DA:139,0
DA:144,9
FN:144,RuleBlacklist.transferred.0
FNDA:9,RuleBlacklist.transferred.0
DA:150,12
DA:151,12
BRDA:151,6,0,8
BRDA:151,6,1,4
DA:157,2
FN:157,RuleBlacklist.transferred.1
FNDA:2,RuleBlacklist.transferred.1
DA:163,4
DA:164,4
BRDA:164,7,0,2
BRDA:164,7,1,2
DA:170,2
FN:170,RuleBlacklist.transferred.2
FNDA:2,RuleBlacklist.transferred.2
DA:176,2
DA:179,3
FN:179,RuleBlacklist.transferred.3
FNDA:3,RuleBlacklist.transferred.3
DA:185,3
FNF:11
FNH:10
LF:37
LH:35
BRF:16
BRH:16
end_of_record
TN:
SF:src/rules/validation/RuleSanctionsList.sol
DA:55,17
FN:55,RuleSanctionsList.constructor
FNDA:17,RuleSanctionsList.constructor
DA:59,16
BRDA:59,0,0,1
DA:60,1
DA:73,17
FN:73,RuleSanctionsList.detectTransferRestriction.0
FNDA:17,RuleSanctionsList.detectTransferRestriction.0
DA:79,35
BRDA:79,1,0,30
DA:80,30
BRDA:80,2,0,6
BRDA:80,2,1,14
DA:81,6
DA:82,24
BRDA:82,3,0,10
DA:83,10
DA:86,19
DA:92,9
FN:92,RuleSanctionsList.detectTransferRestriction.1
FNDA:9,RuleSanctionsList.detectTransferRestriction.1
DA:99,9
DA:105,11
FN:105,RuleSanctionsList.detectTransferRestrictionFrom.0
FNDA:11,RuleSanctionsList.detectTransferRestrictionFrom.0
DA:112,14
BRDA:112,4,0,13
DA:113,13
BRDA:113,5,0,4
BRDA:113,5,1,9
DA:114,4
DA:116,9
DA:119,1
DA:122,3
FN:122,RuleSanctionsList.detectTransferRestrictionFrom.1
FNDA:3,RuleSanctionsList.detectTransferRestrictionFrom.1
DA:129,3
DA:138,3
FN:138,RuleSanctionsList.canReturnTransferRestrictionCode
FNDA:3,RuleSanctionsList.canReturnTransferRestrictionCode
DA:139,3
DA:140,1
DA:149,4
FN:149,RuleSanctionsList.messageForTransferRestriction
FNDA:4,RuleSanctionsList.messageForTransferRestriction
DA:156,4
BRDA:156,6,0,1
BRDA:156,6,1,1
DA:157,1
DA:158,3
BRDA:158,7,0,1
BRDA:158,7,1,1
DA:159,1
DA:160,2
BRDA:160,8,0,1
BRDA:160,8,1,1
DA:161,1
DA:163,1
DA:167,0
FN:167,RuleSanctionsList.supportsInterface
FNDA:0,RuleSanctionsList.supportsInterface
DA:168,0
DA:177,14
FN:177,RuleSanctionsList.setSanctionListOracle
FNDA:14,RuleSanctionsList.setSanctionListOracle
DA:178,13
DA:184,3
FN:184,RuleSanctionsList.transferred.0
FNDA:3,RuleSanctionsList.transferred.0
DA:190,7
DA:191,7
BRDA:191,9,0,4
BRDA:191,9,1,3
DA:201,2
FN:201,RuleSanctionsList.transferred.1
FNDA:2,RuleSanctionsList.transferred.1
DA:207,3
DA:208,3
BRDA:208,10,0,2
BRDA:208,10,1,1
DA:214,1
FN:214,RuleSanctionsList.transferred.2
FNDA:1,RuleSanctionsList.transferred.2
DA:220,1
DA:223,4
FN:223,RuleSanctionsList.transferred.3
FNDA:4,RuleSanctionsList.transferred.3
DA:229,4
DA:235,14
FN:235,RuleSanctionsList._setSanctionListOracle
FNDA:14,RuleSanctionsList._setSanctionListOracle
DA:236,14
DA:237,14
DA:247,30
FN:247,RuleSanctionsList._msgSender
FNDA:30,RuleSanctionsList._msgSender
DA:248,30
DA:254,0
FN:254,RuleSanctionsList._msgData
FNDA:0,RuleSanctionsList._msgData
DA:255,0
DA:261,30
FN:261,RuleSanctionsList._contextSuffixLength
FNDA:30,RuleSanctionsList._contextSuffixLength
DA:262,30
FNF:17
FNH:15
LF:54
LH:50
BRF:18
BRH:18
end_of_record
TN:
SF:src/rules/validation/RuleWhitelist.sol
DA:33,102
FN:33,RuleWhitelist.constructor
FNDA:102,RuleWhitelist.constructor
DA:36,101
DA:56,20
FN:56,RuleWhitelist.detectTransferRestriction.0
FNDA:20,RuleWhitelist.detectTransferRestriction.0
DA:63,33
BRDA:63,0,0,11
BRDA:63,0,1,16
DA:64,11
DA:65,22
BRDA:65,1,0,6
BRDA:65,1,1,16
DA:66,6
DA:68,16
DA:75,7
FN:75,RuleWhitelist.detectTransferRestriction.1
FNDA:7,RuleWhitelist.detectTransferRestriction.1
DA:82,7
DA:102,10
FN:102,RuleWhitelist.detectTransferRestrictionFrom.0
FNDA:10,RuleWhitelist.detectTransferRestrictionFrom.0
DA:109,12
BRDA:109,2,0,6
DA:110,6
DA:112,6
DA:118,2
FN:118,RuleWhitelist.detectTransferRestrictionFrom.1
FNDA:2,RuleWhitelist.detectTransferRestrictionFrom.1
DA:125,2
DA:133,0
FN:133,RuleWhitelist.isVerified
FNDA:0,RuleWhitelist.isVerified
DA:140,0
DA:143,0
FN:143,RuleWhitelist.supportsInterface
FNDA:0,RuleWhitelist.supportsInterface
DA:144,0
FNF:7
FNH:5
LF:20
LH:16
BRF:5
BRH:5
end_of_record
TN:
SF:src/rules/validation/RuleWhitelistWrapper.sol
DA:38,22
FN:38,RuleWhitelistWrapper.constructor
FNDA:22,RuleWhitelistWrapper.constructor
DA:42,20
DA:53,21
FN:53,RuleWhitelistWrapper.detectTransferRestriction.0
FNDA:21,RuleWhitelistWrapper.detectTransferRestriction.0
DA:60,25
DA:61,25
DA:62,25
DA:64,25
DA:65,25
BRDA:65,0,0,9
BRDA:65,0,1,10
DA:66,9
DA:67,16
BRDA:67,1,0,6
BRDA:67,1,1,10
DA:68,6
DA:70,10
DA:74,4
FN:74,RuleWhitelistWrapper.detectTransferRestriction.1
FNDA:4,RuleWhitelistWrapper.detectTransferRestriction.1
DA:81,4
DA:84,10
FN:84,RuleWhitelistWrapper.detectTransferRestrictionFrom.0
FNDA:10,RuleWhitelistWrapper.detectTransferRestrictionFrom.0
DA:91,12
BRDA:91,2,0,-
DA:92,0
DA:95,12
DA:96,12
DA:97,12
DA:98,12
DA:100,12
DA:102,12
BRDA:102,3,0,-
BRDA:102,3,1,6
DA:103,0
DA:104,12
BRDA:104,4,0,-
BRDA:104,4,1,6
DA:105,0
DA:106,12
BRDA:106,5,0,6
BRDA:106,5,1,6
DA:107,6
DA:109,6
DA:116,2
FN:116,RuleWhitelistWrapper.detectTransferRestrictionFrom.1
FNDA:2,RuleWhitelistWrapper.detectTransferRestrictionFrom.1
DA:123,2
DA:131,20
FN:131,RuleWhitelistWrapper.hasRole
FNDA:20,RuleWhitelistWrapper.hasRole
DA:138,80
DA:145,37
FN:145,RuleWhitelistWrapper._detectTransferRestriction
FNDA:37,RuleWhitelistWrapper._detectTransferRestriction
DA:146,37
DA:147,37
DA:148,37
DA:150,81
DA:151,81
DA:152,58
BRDA:152,6,0,58
DA:153,58
DA:158,81
DA:159,81
DA:160,159
BRDA:160,7,0,65
DA:161,65
DA:162,65
DA:165,16
BRDA:165,8,0,16
DA:166,16
DA:169,37
DA:172,0
FN:172,RuleWhitelistWrapper.supportsInterface
FNDA:0,RuleWhitelistWrapper.supportsInterface
DA:173,0
DA:183,80
FN:183,RuleWhitelistWrapper._msgSender
FNDA:80,RuleWhitelistWrapper._msgSender
DA:184,80
DA:190,0
FN:190,RuleWhitelistWrapper._msgData
FNDA:0,RuleWhitelistWrapper._msgData
DA:191,0
DA:197,80
FN:197,RuleWhitelistWrapper._contextSuffixLength
FNDA:80,RuleWhitelistWrapper._contextSuffixLength
DA:198,80
FNF:11
FNH:9
LF:57
LH:50
BRF:14
BRH:11
end_of_record
TN:
SF:src/rules/validation/abstract/RuleAddressSet/RuleAddressSet.sol
DA:63,17
FN:63,RuleAddressSet.addAddresses
FNDA:17,RuleAddressSet.addAddresses
DA:64,16
DA:65,16
DA:75,4
FN:75,RuleAddressSet.removeAddresses
FNDA:4,RuleAddressSet.removeAddresses
DA:76,3
DA:77,3
DA:87,52
FN:87,RuleAddressSet.addAddress
FNDA:52,RuleAddressSet.addAddress
DA:88,51
BRDA:88,0,0,1
DA:89,1
DA:91,50
DA:92,50
DA:102,3
FN:102,RuleAddressSet.removeAddress
FNDA:3,RuleAddressSet.removeAddress
DA:103,2
BRDA:103,1,0,1
DA:104,1
DA:106,1
DA:107,1
DA:114,24
FN:114,RuleAddressSet.listedAddressCount
FNDA:24,RuleAddressSet.listedAddressCount
DA:115,24
DA:123,0
FN:123,RuleAddressSet.contains
FNDA:0,RuleAddressSet.contains
DA:124,0
DA:132,60
FN:132,RuleAddressSet.isAddressListed
FNDA:60,RuleAddressSet.isAddressListed
DA:133,219
DA:141,84
FN:141,RuleAddressSet.areAddressesListed
FNDA:84,RuleAddressSet.areAddressesListed
DA:142,84
DA:143,84
DA:144,191
DA:152,207
FN:152,RuleAddressSet._msgSender
FNDA:207,RuleAddressSet._msgSender
DA:153,207
DA:157,0
FN:157,RuleAddressSet._msgData
FNDA:0,RuleAddressSet._msgData
DA:158,0
DA:162,207
FN:162,RuleAddressSet._contextSuffixLength
FNDA:207,RuleAddressSet._contextSuffixLength
DA:163,207
FNF:11
FNH:9
LF:32
LH:28
BRF:2
BRH:2
end_of_record
TN:
SF:src/rules/validation/abstract/RuleAddressSet/RuleAddressSetInternal.sol
DA:36,16
FN:36,RuleAddressSetInternal._addAddresses
FNDA:16,RuleAddressSetInternal._addAddresses
DA:37,16
DA:38,34
DA:49,3
FN:49,RuleAddressSetInternal._removeAddresses
FNDA:3,RuleAddressSetInternal._removeAddresses
DA:50,3
DA:51,7
DA:59,50
FN:59,RuleAddressSetInternal._addAddress
FNDA:50,RuleAddressSetInternal._addAddress
DA:60,50
DA:67,1
FN:67,RuleAddressSetInternal._removeAddress
FNDA:1,RuleAddressSetInternal._removeAddress
DA:68,1
DA:75,24
FN:75,RuleAddressSetInternal._listedAddressCount
FNDA:24,RuleAddressSetInternal._listedAddressCount
DA:76,24
DA:84,463
FN:84,RuleAddressSetInternal._isAddressListed
FNDA:463,RuleAddressSetInternal._isAddressListed
DA:85,463
FNF:6
FNH:6
LF:14
LH:14
BRF:0
BRH:0
end_of_record
TN:
SF:src/rules/validation/abstract/RuleValidateTransfer.sol
DA:26,14
FN:26,RuleValidateTransfer.canTransfer.0
FNDA:14,RuleValidateTransfer.canTransfer.0
DA:33,14
DA:45,14
FN:45,RuleValidateTransfer.canTransfer.1
FNDA:14,RuleValidateTransfer.canTransfer.1
DA:52,14
DA:58,10
FN:58,RuleValidateTransfer.canTransferFrom.0
FNDA:10,RuleValidateTransfer.canTransferFrom.0
DA:65,20
DA:72,10
FN:72,RuleValidateTransfer.canTransferFrom.1
FNDA:10,RuleValidateTransfer.canTransferFrom.1
DA:79,10
DA:82,0
FN:82,RuleValidateTransfer.supportsInterface
FNDA:0,RuleValidateTransfer.supportsInterface
DA:83,0
FNF:5
FNH:4
LF:10
LH:8
BRF:0
BRH:0
end_of_record
TN:
SF:src/rules/validation/abstract/RuleWhitelistCommon.sol
DA:38,10
FN:38,RuleWhitelistCommon.canReturnTransferRestrictionCode
FNDA:10,RuleWhitelistCommon.canReturnTransferRestrictionCode
DA:39,10
DA:40,5
DA:50,14
FN:50,RuleWhitelistCommon.messageForTransferRestriction
FNDA:14,RuleWhitelistCommon.messageForTransferRestriction
DA:56,14
BRDA:56,0,0,6
BRDA:56,0,1,2
DA:57,6
DA:58,8
BRDA:58,1,0,4
BRDA:58,1,1,2
DA:59,4
DA:60,4
BRDA:60,2,0,2
BRDA:60,2,1,2
DA:61,2
DA:63,2
DA:79,17
FN:79,RuleWhitelistCommon.transferred.0
FNDA:17,RuleWhitelistCommon.transferred.0
DA:80,22
DA:81,22
BRDA:81,3,0,14
BRDA:81,3,1,8
DA:97,4
FN:97,RuleWhitelistCommon.transferred.1
FNDA:4,RuleWhitelistCommon.transferred.1
DA:98,8
DA:99,8
BRDA:99,4,0,4
BRDA:99,4,1,4
DA:106,4
FN:106,RuleWhitelistCommon.transferred.2
FNDA:4,RuleWhitelistCommon.transferred.2
DA:112,4
DA:115,5
FN:115,RuleWhitelistCommon.transferred.3
FNDA:5,RuleWhitelistCommon.transferred.3
DA:121,5
FNF:6
FNH:6
LF:21
LH:21
BRF:10
BRH:10
end_of_record
