TN:
SF:src/modules/AccessControlModuleStandalone.sol
DA:30,2595
FN:30,AccessControlModuleStandalone.constructor
FNDA:2595,AccessControlModuleStandalone.constructor
DA:31,2595
BRDA:31,0,0,7
BRDA:31,0,1,2588
DA:35,2588
DA:46,2731
FN:46,AccessControlModuleStandalone.hasRole
FNDA:2731,AccessControlModuleStandalone.hasRole
DA:55,23013
BRDA:55,1,0,4821
BRDA:55,1,1,18192
DA:56,4821
DA:58,18192
FNF:2
FNH:2
LF:7
LH:7
BRF:4
BRH:4
end_of_record
TN:
SF:src/modules/Ownable2StepERC165Module.sol
DA:17,81
FN:17,Ownable2StepERC165Module.supportsInterface
FNDA:81,Ownable2StepERC165Module.supportsInterface
DA:18,81
DA:19,69
DA:20,57
FNF:1
FNH:1
LF:4
LH:4
BRF:0
BRH:0
end_of_record
TN:
SF:src/modules/VersionModule.sol
DA:23,20
FN:23,VersionModule.version
FNDA:20,VersionModule.version
DA:24,20
FNF:1
FNH:1
LF:2
LH:2
BRF:0
BRH:0
end_of_record
TN:
SF:src/registry/IdentityRegistryWhitelist.sol
DA:34,107
FN:34,IdentityRegistryWhitelist._authorizeIdentityRegistrar
FNDA:107,IdentityRegistryWhitelist._authorizeIdentityRegistrar
FNF:1
FNH:1
LF:1
LH:1
BRF:0
BRH:0
end_of_record
TN:
SF:src/registry/abstract/IdentityRegistryWhitelistBase.sol
DA:46,96
FN:46,IdentityRegistryWhitelistBase.registerIdentity
FNDA:96,IdentityRegistryWhitelistBase.registerIdentity
DA:58,93
BRDA:58,0,0,1
BRDA:58,0,1,92
DA:59,92
BRDA:59,1,0,1
BRDA:59,1,1,91
DA:60,91
DA:67,11
FN:67,IdentityRegistryWhitelistBase.deleteIdentity
FNDA:11,IdentityRegistryWhitelistBase.deleteIdentity
DA:68,10
BRDA:68,2,0,1
BRDA:68,2,1,9
DA:69,9
DA:78,3
FN:78,IdentityRegistryWhitelistBase.registeredIdentityCount
FNDA:3,IdentityRegistryWhitelistBase.registeredIdentityCount
DA:79,3
DA:92,84
FN:92,IdentityRegistryWhitelistBase.isVerified
FNDA:84,IdentityRegistryWhitelistBase.isVerified
DA:93,84
DA:102,7
FN:102,IdentityRegistryWhitelistBase.investorCountry
FNDA:7,IdentityRegistryWhitelistBase.investorCountry
DA:111,7
DA:118,96
FN:118,IdentityRegistryWhitelistBase.onlyIdentityRegistrar
FNDA:96,IdentityRegistryWhitelistBase.onlyIdentityRegistrar
DA:119,96
DA:127,0
FN:127,IdentityRegistryWhitelistBase._authorizeIdentityRegistrar
FNDA:0,IdentityRegistryWhitelistBase._authorizeIdentityRegistrar
FNF:7
FNH:6
LF:16
LH:15
BRF:6
BRH:6
end_of_record
TN:
SF:src/rules/operation/RuleConditionalTransferLight.sol
DA:41,48
FN:41,RuleConditionalTransferLight.supportsInterface
FNDA:48,RuleConditionalTransferLight.supportsInterface
DA:48,48
DA:49,47
DA:50,46
DA:51,30
DA:52,29
DA:62,69
FN:62,RuleConditionalTransferLight._onlyComplianceManager
FNDA:69,RuleConditionalTransferLight._onlyComplianceManager
DA:67,7655
FN:67,RuleConditionalTransferLight._authorizeTransferApproval
FNDA:7655,RuleConditionalTransferLight._authorizeTransferApproval
DA:72,3
FN:72,RuleConditionalTransferLight._authorizeComplianceBindingChange
FNDA:3,RuleConditionalTransferLight._authorizeComplianceBindingChange
FNF:4
FNH:4
LF:9
LH:9
BRF:0
BRH:0
end_of_record
TN:
SF:src/rules/operation/RuleConditionalTransferLightMultiToken.sol
DA:33,6
FN:33,RuleConditionalTransferLightMultiToken.supportsInterface
FNDA:6,RuleConditionalTransferLightMultiToken.supportsInterface
DA:40,6
DA:41,6
DA:42,6
DA:43,4
DA:44,4
DA:50,52
FN:50,RuleConditionalTransferLightMultiToken._onlyComplianceManager
FNDA:52,RuleConditionalTransferLightMultiToken._onlyComplianceManager
DA:55,43
FN:55,RuleConditionalTransferLightMultiToken._authorizeTransferApproval
FNDA:43,RuleConditionalTransferLightMultiToken._authorizeTransferApproval
FNF:3
FNH:3
LF:8
LH:8
BRF:0
BRH:0
end_of_record
TN:
SF:src/rules/operation/RuleConditionalTransferLightMultiTokenOwnable2Step.sol
DA:33,5
FN:33,RuleConditionalTransferLightMultiTokenOwnable2Step.supportsInterface
FNDA:5,RuleConditionalTransferLightMultiTokenOwnable2Step.supportsInterface
DA:39,5
DA:40,2
DA:41,2
DA:42,2
DA:43,2
DA:49,6
FN:49,RuleConditionalTransferLightMultiTokenOwnable2Step._onlyComplianceManager
FNDA:6,RuleConditionalTransferLightMultiTokenOwnable2Step._onlyComplianceManager
DA:54,2
FN:54,RuleConditionalTransferLightMultiTokenOwnable2Step._authorizeTransferApproval
FNDA:2,RuleConditionalTransferLightMultiTokenOwnable2Step._authorizeTransferApproval
FNF:3
FNH:3
LF:8
LH:8
BRF:0
BRH:0
end_of_record
TN:
SF:src/rules/operation/RuleConditionalTransferLightOwnable2Step.sol
DA:40,12
FN:40,RuleConditionalTransferLightOwnable2Step.supportsInterface
FNDA:12,RuleConditionalTransferLightOwnable2Step.supportsInterface
DA:46,12
DA:47,8
DA:48,7
DA:49,6
DA:50,4
DA:60,5
FN:60,RuleConditionalTransferLightOwnable2Step._onlyComplianceManager
FNDA:5,RuleConditionalTransferLightOwnable2Step._onlyComplianceManager
DA:65,4
FN:65,RuleConditionalTransferLightOwnable2Step._authorizeTransferApproval
FNDA:4,RuleConditionalTransferLightOwnable2Step._authorizeTransferApproval
DA:70,2
FN:70,RuleConditionalTransferLightOwnable2Step._authorizeComplianceBindingChange
FNDA:2,RuleConditionalTransferLightOwnable2Step._authorizeComplianceBindingChange
FNF:4
FNH:4
LF:9
LH:9
BRF:0
BRH:0
end_of_record
TN:
SF:src/rules/operation/RuleMintAllowance.sol
DA:38,37
FN:38,RuleMintAllowance.supportsInterface
FNDA:37,RuleMintAllowance.supportsInterface
DA:47,37
DA:48,36
DA:49,35
DA:50,23
DA:60,313
FN:60,RuleMintAllowance._onlyComplianceManager
FNDA:313,RuleMintAllowance._onlyComplianceManager
DA:65,10047
FN:65,RuleMintAllowance._authorizeSetMintAllowance
FNDA:10047,RuleMintAllowance._authorizeSetMintAllowance
DA:70,4
FN:70,RuleMintAllowance._authorizeComplianceBindingChange
FNDA:4,RuleMintAllowance._authorizeComplianceBindingChange
FNF:4
FNH:4
LF:8
LH:8
BRF:0
BRH:0
end_of_record
TN:
SF:src/rules/operation/RuleMintAllowanceOwnable2Step.sol
DA:36,8
FN:36,RuleMintAllowanceOwnable2Step.supportsInterface
FNDA:8,RuleMintAllowanceOwnable2Step.supportsInterface
DA:44,8
DA:45,6
DA:46,5
DA:47,4
DA:57,11
FN:57,RuleMintAllowanceOwnable2Step._onlyComplianceManager
FNDA:11,RuleMintAllowanceOwnable2Step._onlyComplianceManager
DA:62,6
FN:62,RuleMintAllowanceOwnable2Step._authorizeSetMintAllowance
FNDA:6,RuleMintAllowanceOwnable2Step._authorizeSetMintAllowance
DA:67,2
FN:67,RuleMintAllowanceOwnable2Step._authorizeComplianceBindingChange
FNDA:2,RuleMintAllowanceOwnable2Step._authorizeComplianceBindingChange
FNF:4
FNH:4
LF:8
LH:8
BRF:0
BRH:0
end_of_record
TN:
SF:src/rules/operation/abstract/RuleConditionalTransferLightApprovalBase.sol
DA:22,4
FN:22,RuleConditionalTransferLightApprovalBase.onlyTransferApprover
FNDA:4,RuleConditionalTransferLightApprovalBase.onlyTransferApprover
DA:23,4
DA:27,6
FN:27,RuleConditionalTransferLightApprovalBase.onlyTransferExecutor
FNDA:6,RuleConditionalTransferLightApprovalBase.onlyTransferExecutor
DA:28,6
DA:40,6
FN:40,RuleConditionalTransferLightApprovalBase.transferred
FNDA:6,RuleConditionalTransferLightApprovalBase.transferred
DA:41,6
DA:54,6231
FN:54,RuleConditionalTransferLightApprovalBase.approveTransfer
FNDA:6231,RuleConditionalTransferLightApprovalBase.approveTransfer
DA:55,6238
DA:56,6238
DA:57,6238
DA:58,6238
DA:67,1405
FN:67,RuleConditionalTransferLightApprovalBase.cancelTransferApproval
FNDA:1405,RuleConditionalTransferLightApprovalBase.cancelTransferApproval
DA:68,1404
DA:69,1404
DA:70,1404
BRDA:70,0,0,1
BRDA:70,0,1,1403
DA:71,1403
DA:72,1403
DA:87,4
FN:87,RuleConditionalTransferLightApprovalBase.resetApproval
FNDA:4,RuleConditionalTransferLightApprovalBase.resetApproval
DA:93,3
DA:94,3
DA:95,3
BRDA:95,1,0,1
BRDA:95,1,1,2
DA:96,2
DA:97,2
DA:107,9216
FN:107,RuleConditionalTransferLightApprovalBase.approvedCount
FNDA:9216,RuleConditionalTransferLightApprovalBase.approvedCount
DA:108,9231
DA:109,9231
DA:120,6
FN:120,RuleConditionalTransferLightApprovalBase._transferredFromContext
FNDA:6,RuleConditionalTransferLightApprovalBase._transferredFromContext
DA:121,6
DA:131,6244
FN:131,RuleConditionalTransferLightApprovalBase._transferred
FNDA:6244,RuleConditionalTransferLightApprovalBase._transferred
DA:132,6244
BRDA:132,2,0,6244
DA:133,6244
DA:135,2198
DA:136,2198
DA:138,2198
BRDA:138,3,0,5
BRDA:138,3,1,2193
DA:140,2193
DA:141,2193
DA:163,19083
FN:163,RuleConditionalTransferLightApprovalBase._transferHash
FNDA:19083,RuleConditionalTransferLightApprovalBase._transferHash
DA:168,19083
DA:169,19083
DA:170,19083
DA:171,19083
DA:172,19083
DA:179,0
FN:179,RuleConditionalTransferLightApprovalBase._authorizeTransferApproval
FNDA:0,RuleConditionalTransferLightApprovalBase._authorizeTransferApproval
DA:184,0
FN:184,RuleConditionalTransferLightApprovalBase._authorizeTransferExecution
FNDA:0,RuleConditionalTransferLightApprovalBase._authorizeTransferExecution
FNF:12
FNH:10
LF:44
LH:42
BRF:7
BRH:7
end_of_record
TN:
SF:src/rules/operation/abstract/RuleConditionalTransferLightBase.sol
DA:59,1
FN:59,RuleConditionalTransferLightBase.created
FNDA:1,RuleConditionalTransferLightBase.created
DA:60,1
DA:68,1
FN:68,RuleConditionalTransferLightBase.destroyed
FNDA:1,RuleConditionalTransferLightBase.destroyed
DA:69,1
DA:75,1
FN:75,RuleConditionalTransferLightBase.canReturnTransferRestrictionCode
FNDA:1,RuleConditionalTransferLightBase.canReturnTransferRestrictionCode
DA:76,1
DA:82,2
FN:82,RuleConditionalTransferLightBase.messageForTransferRestriction
FNDA:2,RuleConditionalTransferLightBase.messageForTransferRestriction
DA:88,2
BRDA:88,0,0,1
DA:89,1
DA:91,1
DA:113,10
FN:113,RuleConditionalTransferLightBase.approveAndTransferIfAllowed
FNDA:10,RuleConditionalTransferLightBase.approveAndTransferIfAllowed
DA:119,10
DA:120,10
BRDA:120,1,0,1
BRDA:120,1,1,9
DA:122,9
DA:123,9
DA:125,9
DA:126,8
BRDA:126,2,0,1
BRDA:126,2,1,7
DA:128,7
DA:134,6
BRDA:134,3,0,1
BRDA:134,3,1,5
DA:138,5
DA:144,6236
FN:144,RuleConditionalTransferLightBase.transferred.0
FNDA:6236,RuleConditionalTransferLightBase.transferred.0
DA:150,6230
DA:156,7
FN:156,RuleConditionalTransferLightBase.transferred.1
FNDA:7,RuleConditionalTransferLightBase.transferred.1
DA:168,6
DA:190,58
FN:190,RuleConditionalTransferLightBase.bindToken
FNDA:58,RuleConditionalTransferLightBase.bindToken
DA:191,57
BRDA:191,4,0,1
BRDA:191,4,1,56
DA:192,56
DA:211,13
FN:211,RuleConditionalTransferLightBase.bindRuleEngine
FNDA:13,RuleConditionalTransferLightBase.bindRuleEngine
DA:212,12
BRDA:212,5,0,1
BRDA:212,5,1,11
DA:213,11
BRDA:213,6,0,1
BRDA:213,6,1,10
DA:214,10
DA:215,10
DA:222,3
FN:222,RuleConditionalTransferLightBase.unbindRuleEngine
FNDA:3,RuleConditionalTransferLightBase.unbindRuleEngine
DA:223,2
DA:224,2
BRDA:224,7,0,1
BRDA:224,7,1,1
DA:225,1
DA:226,1
DA:234,8
FN:234,RuleConditionalTransferLightBase.isTransferExecutor
FNDA:8,RuleConditionalTransferLightBase.isTransferExecutor
DA:235,6254
DA:241,7
FN:241,RuleConditionalTransferLightBase.detectTransferRestriction
FNDA:7,RuleConditionalTransferLightBase.detectTransferRestriction
DA:247,13
BRDA:247,8,0,4
DA:248,4
DA:250,9
DA:251,9
BRDA:251,9,0,6
DA:252,6
DA:254,3
DA:260,1
FN:260,RuleConditionalTransferLightBase.detectTransferRestrictionFrom
FNDA:1,RuleConditionalTransferLightBase.detectTransferRestrictionFrom
DA:272,2
DA:278,4
FN:278,RuleConditionalTransferLightBase.canTransfer
FNDA:4,RuleConditionalTransferLightBase.canTransfer
DA:284,4
DA:290,1
FN:290,RuleConditionalTransferLightBase.canTransferFrom
FNDA:1,RuleConditionalTransferLightBase.canTransferFrom
DA:296,1
DA:309,6246
FN:309,RuleConditionalTransferLightBase._authorizeTransferExecution
FNDA:6246,RuleConditionalTransferLightBase._authorizeTransferExecution
DA:310,6246
BRDA:310,10,0,6
BRDA:310,10,1,6240
FNF:16
FNH:16
LF:54
LH:54
BRF:19
BRH:19
end_of_record
TN:
SF:src/rules/operation/abstract/RuleConditionalTransferLightMultiTokenBase.sol
DA:34,33
FN:34,RuleConditionalTransferLightMultiTokenBase.onlyTransferApprover
FNDA:33,RuleConditionalTransferLightMultiTokenBase.onlyTransferApprover
DA:35,33
DA:39,4
FN:39,RuleConditionalTransferLightMultiTokenBase.onlyTransferExecutor
FNDA:4,RuleConditionalTransferLightMultiTokenBase.onlyTransferExecutor
DA:40,4
DA:49,2
FN:49,RuleConditionalTransferLightMultiTokenBase.created
FNDA:2,RuleConditionalTransferLightMultiTokenBase.created
DA:50,1
DA:58,2
FN:58,RuleConditionalTransferLightMultiTokenBase.destroyed
FNDA:2,RuleConditionalTransferLightMultiTokenBase.destroyed
DA:59,1
DA:66,4
FN:66,RuleConditionalTransferLightMultiTokenBase.transferred.0
FNDA:4,RuleConditionalTransferLightMultiTokenBase.transferred.0
DA:67,4
DA:73,2
FN:73,RuleConditionalTransferLightMultiTokenBase.canReturnTransferRestrictionCode
FNDA:2,RuleConditionalTransferLightMultiTokenBase.canReturnTransferRestrictionCode
DA:74,2
DA:80,2
FN:80,RuleConditionalTransferLightMultiTokenBase.messageForTransferRestriction
FNDA:2,RuleConditionalTransferLightMultiTokenBase.messageForTransferRestriction
DA:86,2
BRDA:86,0,0,1
DA:87,1
DA:89,1
DA:99,33
FN:99,RuleConditionalTransferLightMultiTokenBase.approveTransfer
FNDA:33,RuleConditionalTransferLightMultiTokenBase.approveTransfer
DA:104,32
DA:114,4
FN:114,RuleConditionalTransferLightMultiTokenBase.cancelTransferApproval
FNDA:4,RuleConditionalTransferLightMultiTokenBase.cancelTransferApproval
DA:119,3
DA:131,5
FN:131,RuleConditionalTransferLightMultiTokenBase.approveAndTransferIfAllowed
FNDA:5,RuleConditionalTransferLightMultiTokenBase.approveAndTransferIfAllowed
DA:137,5
BRDA:137,1,0,1
BRDA:137,1,1,4
DA:139,4
DA:140,4
DA:142,4
DA:143,4
BRDA:143,2,0,1
BRDA:143,2,1,3
DA:147,3
DA:152,3
BRDA:152,3,0,1
BRDA:152,3,1,2
DA:156,2
DA:162,5
FN:162,RuleConditionalTransferLightMultiTokenBase.transferred.1
FNDA:5,RuleConditionalTransferLightMultiTokenBase.transferred.1
DA:168,4
DA:174,6
FN:174,RuleConditionalTransferLightMultiTokenBase.transferred.2
FNDA:6,RuleConditionalTransferLightMultiTokenBase.transferred.2
DA:186,6
DA:204,3
FN:204,RuleConditionalTransferLightMultiTokenBase.resetApproval
FNDA:3,RuleConditionalTransferLightMultiTokenBase.resetApproval
DA:210,2
DA:211,2
DA:212,2
BRDA:212,4,0,1
BRDA:212,4,1,1
DA:213,1
DA:214,1
DA:225,24
FN:225,RuleConditionalTransferLightMultiTokenBase.approvedCount
FNDA:24,RuleConditionalTransferLightMultiTokenBase.approvedCount
DA:226,31
DA:227,31
DA:239,265
FN:239,RuleConditionalTransferLightMultiTokenBase.detectTransferRestriction
FNDA:265,RuleConditionalTransferLightMultiTokenBase.detectTransferRestriction
DA:245,270
DA:259,263
FN:259,RuleConditionalTransferLightMultiTokenBase.detectTransferRestrictionForToken
FNDA:263,RuleConditionalTransferLightMultiTokenBase.detectTransferRestrictionForToken
DA:265,263
DA:278,5
FN:278,RuleConditionalTransferLightMultiTokenBase.canTransferForToken
FNDA:5,RuleConditionalTransferLightMultiTokenBase.canTransferForToken
DA:284,5
DA:291,2
FN:291,RuleConditionalTransferLightMultiTokenBase.detectTransferRestrictionFrom
FNDA:2,RuleConditionalTransferLightMultiTokenBase.detectTransferRestrictionFrom
DA:303,4
DA:311,1
FN:311,RuleConditionalTransferLightMultiTokenBase.canTransfer
FNDA:1,RuleConditionalTransferLightMultiTokenBase.canTransfer
DA:317,1
DA:323,2
FN:323,RuleConditionalTransferLightMultiTokenBase.canTransferFrom
FNDA:2,RuleConditionalTransferLightMultiTokenBase.canTransferFrom
DA:329,2
DA:344,58
FN:344,RuleConditionalTransferLightMultiTokenBase._authorizeComplianceBindingChange
FNDA:58,RuleConditionalTransferLightMultiTokenBase._authorizeComplianceBindingChange
DA:345,58
DA:355,36
FN:355,RuleConditionalTransferLightMultiTokenBase._approveTransfer
FNDA:36,RuleConditionalTransferLightMultiTokenBase._approveTransfer
DA:356,36
BRDA:356,5,0,2
BRDA:356,5,1,34
DA:357,34
DA:358,34
DA:359,34
DA:360,34
DA:370,3
FN:370,RuleConditionalTransferLightMultiTokenBase._cancelTransferApproval
FNDA:3,RuleConditionalTransferLightMultiTokenBase._cancelTransferApproval
DA:371,3
BRDA:371,6,0,1
BRDA:371,6,1,2
DA:372,2
DA:373,2
DA:375,2
BRDA:375,7,0,1
BRDA:375,7,1,1
DA:377,1
DA:378,1
DA:389,16
FN:389,RuleConditionalTransferLightMultiTokenBase._transferred
FNDA:16,RuleConditionalTransferLightMultiTokenBase._transferred
DA:390,16
BRDA:390,8,0,16
DA:391,16
DA:394,10
DA:395,10
DA:397,10
BRDA:397,9,0,3
BRDA:397,9,1,7
DA:399,7
DA:400,7
DA:415,538
FN:415,RuleConditionalTransferLightMultiTokenBase._detectTransferRestrictionForToken
FNDA:538,RuleConditionalTransferLightMultiTokenBase._detectTransferRestrictionForToken
DA:421,538
BRDA:421,10,0,2
DA:422,2
DA:425,536
BRDA:425,11,0,7
DA:426,7
DA:429,529
BRDA:429,12,0,519
DA:430,519
DA:433,10
DA:439,15
FN:439,RuleConditionalTransferLightMultiTokenBase._authorizeTransferExecution
FNDA:15,RuleConditionalTransferLightMultiTokenBase._authorizeTransferExecution
DA:440,15
BRDA:440,13,0,1
BRDA:440,13,1,14
DA:449,0
FN:449,RuleConditionalTransferLightMultiTokenBase._authorizeTransferApproval
FNDA:0,RuleConditionalTransferLightMultiTokenBase._authorizeTransferApproval
DA:465,608
FN:465,RuleConditionalTransferLightMultiTokenBase._transferHash
FNDA:608,RuleConditionalTransferLightMultiTokenBase._transferHash
DA:472,608
DA:473,608
DA:474,608
DA:475,608
DA:476,608
DA:477,608
FNF:28
FNH:27
LF:95
LH:94
BRF:23
BRH:23
end_of_record
TN:
SF:src/rules/operation/abstract/RuleMintAllowanceBase.sol
DA:51,4
FN:51,RuleMintAllowanceBase.onlyAllowanceOperator
FNDA:4,RuleMintAllowanceBase.onlyAllowanceOperator
DA:52,4
DA:63,1
FN:63,RuleMintAllowanceBase.created
FNDA:1,RuleMintAllowanceBase.created
DA:68,1
FN:68,RuleMintAllowanceBase.destroyed
FNDA:1,RuleMintAllowanceBase.destroyed
DA:73,2
FN:73,RuleMintAllowanceBase.canReturnTransferRestrictionCode
FNDA:2,RuleMintAllowanceBase.canReturnTransferRestrictionCode
DA:74,2
DA:86,3753
FN:86,RuleMintAllowanceBase.setMintAllowance
FNDA:3753,RuleMintAllowanceBase.setMintAllowance
DA:87,3751
DA:95,3241
FN:95,RuleMintAllowanceBase.increaseMintAllowance
FNDA:3241,RuleMintAllowanceBase.increaseMintAllowance
DA:96,3240
DA:97,3240
DA:98,3240
DA:107,3055
FN:107,RuleMintAllowanceBase.decreaseMintAllowance
FNDA:3055,RuleMintAllowanceBase.decreaseMintAllowance
DA:108,3054
DA:109,3054
BRDA:109,0,0,1
BRDA:109,0,1,3053
DA:110,3053
DA:111,3053
DA:112,3053
DA:124,4
FN:124,RuleMintAllowanceBase.clearMintAllowances
FNDA:4,RuleMintAllowanceBase.clearMintAllowances
DA:125,3
DA:126,7
DA:142,324
FN:142,RuleMintAllowanceBase.bindToken
FNDA:324,RuleMintAllowanceBase.bindToken
DA:143,322
BRDA:143,1,0,2
BRDA:143,1,1,320
DA:144,320
DA:154,3
FN:154,RuleMintAllowanceBase.transferred.0
FNDA:3,RuleMintAllowanceBase.transferred.0
DA:160,2
DA:171,6815
FN:171,RuleMintAllowanceBase.transferred.1
FNDA:6815,RuleMintAllowanceBase.transferred.1
DA:177,6814
DA:183,2
FN:183,RuleMintAllowanceBase.messageForTransferRestriction
FNDA:2,RuleMintAllowanceBase.messageForTransferRestriction
DA:189,2
BRDA:189,2,0,1
DA:190,1
DA:192,1
DA:200,9
FN:200,RuleMintAllowanceBase.detectTransferRestriction
FNDA:9,RuleMintAllowanceBase.detectTransferRestriction
DA:207,9
DA:213,12
FN:213,RuleMintAllowanceBase.detectTransferRestrictionFrom
FNDA:12,RuleMintAllowanceBase.detectTransferRestrictionFrom
DA:220,18
DA:227,3
FN:227,RuleMintAllowanceBase.canTransfer
FNDA:3,RuleMintAllowanceBase.canTransfer
DA:234,3
DA:240,6
FN:240,RuleMintAllowanceBase.canTransferFrom
FNDA:6,RuleMintAllowanceBase.canTransferFrom
DA:247,6
DA:258,2
FN:258,RuleMintAllowanceBase._transferred
FNDA:2,RuleMintAllowanceBase._transferred
DA:270,6814
FN:270,RuleMintAllowanceBase._transferredFrom
FNDA:6814,RuleMintAllowanceBase._transferredFrom
DA:271,6814
BRDA:271,3,0,6814
DA:272,6814
DA:274,3543
DA:275,3543
BRDA:275,4,0,249
BRDA:275,4,1,3294
DA:276,3294
DA:277,3294
DA:278,3294
DA:286,3758
FN:286,RuleMintAllowanceBase._setMintAllowance
FNDA:3758,RuleMintAllowanceBase._setMintAllowance
DA:287,3758
DA:288,3758
DA:299,18
FN:299,RuleMintAllowanceBase._detectTransferRestrictionFrom
FNDA:18,RuleMintAllowanceBase._detectTransferRestrictionFrom
DA:305,18
BRDA:305,5,0,10
DA:306,10
DA:308,8
DA:314,0
FN:314,RuleMintAllowanceBase._authorizeSetMintAllowance
FNDA:0,RuleMintAllowanceBase._authorizeSetMintAllowance
FNF:21
FNH:20
LF:57
LH:56
BRF:9
BRH:9
end_of_record
TN:
SF:src/rules/validation/abstract/RuleAddressSet/AddressSetBatchLib.sol
DA:39,556
FN:39,AddressSetBatchLib.addBatch
FNDA:556,AddressSetBatchLib.addBatch
DA:44,556
DA:45,1628
DA:46,1622
BRDA:46,0,0,1137
BRDA:46,0,1,485
DA:47,1137
DA:49,485
DA:63,270
FN:63,AddressSetBatchLib.removeBatch
FNDA:270,AddressSetBatchLib.removeBatch
DA:67,270
DA:68,794
BRDA:68,1,0,531
BRDA:68,1,1,263
DA:69,531
DA:71,263
FNF:2
FNH:2
LF:11
LH:11
BRF:4
BRH:4
end_of_record
TN:
SF:src/rules/validation/abstract/RuleAddressSet/RuleAddressSet.sol
DA:42,539
FN:42,RuleAddressSet.onlyAddressListAdd
FNDA:539,RuleAddressSet.onlyAddressListAdd
DA:43,539
DA:47,18
FN:47,RuleAddressSet.onlyAddressListRemove
FNDA:18,RuleAddressSet.onlyAddressListRemove
DA:48,18
DA:66,539
FN:66,RuleAddressSet.addAddresses
FNDA:539,RuleAddressSet.addAddresses
DA:67,538
DA:68,536
DA:78,262
FN:78,RuleAddressSet.removeAddresses
FNDA:262,RuleAddressSet.removeAddresses
DA:79,261
DA:80,261
DA:90,420
FN:90,RuleAddressSet.addAddress
FNDA:420,RuleAddressSet.addAddress
DA:91,413
BRDA:91,0,0,3
BRDA:91,0,1,410
DA:92,410
BRDA:92,1,0,1
BRDA:92,1,1,409
DA:93,409
DA:103,18
FN:103,RuleAddressSet.removeAddress
FNDA:18,RuleAddressSet.removeAddress
DA:104,11
BRDA:104,2,0,1
BRDA:104,2,1,10
DA:105,10
DA:112,548
FN:112,RuleAddressSet.listedAddressCount
FNDA:548,RuleAddressSet.listedAddressCount
DA:113,548
DA:121,4
FN:121,RuleAddressSet.contains
FNDA:4,RuleAddressSet.contains
DA:122,4
DA:130,89
FN:130,RuleAddressSet.isAddressListed
FNDA:89,RuleAddressSet.isAddressListed
DA:131,876
DA:139,179
FN:139,RuleAddressSet.areAddressesListed
FNDA:179,RuleAddressSet.areAddressesListed
DA:140,179
DA:141,179
DA:142,395
DA:153,0
FN:153,RuleAddressSet._authorizeAddressListAdd
FNDA:0,RuleAddressSet._authorizeAddressListAdd
DA:158,0
FN:158,RuleAddressSet._authorizeAddressListRemove
FNDA:0,RuleAddressSet._authorizeAddressListRemove
DA:163,1691
FN:163,RuleAddressSet._msgSender
FNDA:1691,RuleAddressSet._msgSender
DA:164,1691
DA:170,8
FN:170,RuleAddressSet._msgData
FNDA:8,RuleAddressSet._msgData
DA:171,8
DA:177,1703
FN:177,RuleAddressSet._contextSuffixLength
FNDA:1703,RuleAddressSet._contextSuffixLength
DA:178,1703
FNF:15
FNH:13
LF:35
LH:33
BRF:6
BRH:6
end_of_record
TN:
SF:src/rules/validation/abstract/RuleAddressSet/RuleAddressSetInternal.sol
DA:44,543
FN:44,RuleAddressSetInternal._addAddresses
FNDA:543,RuleAddressSetInternal._addAddresses
DA:49,543
DA:64,1602
FN:64,RuleAddressSetInternal._requireNotZeroAddress
FNDA:1602,RuleAddressSetInternal._requireNotZeroAddress
DA:65,1602
BRDA:65,0,0,3
BRDA:65,0,1,1599
DA:77,263
FN:77,RuleAddressSetInternal._removeAddresses
FNDA:263,RuleAddressSetInternal._removeAddresses
DA:82,263
DA:93,511
FN:93,RuleAddressSetInternal._addAddress
FNDA:511,RuleAddressSetInternal._addAddress
DA:94,511
DA:103,24
FN:103,RuleAddressSetInternal._removeAddress
FNDA:24,RuleAddressSetInternal._removeAddress
DA:104,24
DA:111,557
FN:111,RuleAddressSetInternal._listedAddressCount
FNDA:557,RuleAddressSetInternal._listedAddressCount
DA:112,557
DA:120,1467
FN:120,RuleAddressSetInternal._isAddressListed
FNDA:1467,RuleAddressSetInternal._isAddressListed
DA:121,1467
FNF:7
FNH:7
LF:14
LH:14
BRF:2
BRH:2
end_of_record
TN:
SF:src/rules/validation/abstract/RuleERC2980/RuleERC2980Internal.sol
DA:47,7
FN:47,RuleERC2980Internal._addWhitelistAddresses
FNDA:7,RuleERC2980Internal._addWhitelistAddresses
DA:52,7
DA:61,4
FN:61,RuleERC2980Internal._removeWhitelistAddresses
FNDA:4,RuleERC2980Internal._removeWhitelistAddresses
DA:66,4
DA:73,51
FN:73,RuleERC2980Internal._addWhitelistAddress
FNDA:51,RuleERC2980Internal._addWhitelistAddress
DA:74,51
DA:81,5
FN:81,RuleERC2980Internal._removeWhitelistAddress
FNDA:5,RuleERC2980Internal._removeWhitelistAddress
DA:82,5
DA:96,6
FN:96,RuleERC2980Internal._addFrozenlistAddresses
FNDA:6,RuleERC2980Internal._addFrozenlistAddresses
DA:101,6
DA:110,3
FN:110,RuleERC2980Internal._removeFrozenlistAddresses
FNDA:3,RuleERC2980Internal._removeFrozenlistAddresses
DA:115,3
DA:122,22
FN:122,RuleERC2980Internal._addFrozenlistAddress
FNDA:22,RuleERC2980Internal._addFrozenlistAddress
DA:123,22
DA:130,5
FN:130,RuleERC2980Internal._removeFrozenlistAddress
FNDA:5,RuleERC2980Internal._removeFrozenlistAddress
DA:131,5
DA:142,25
FN:142,RuleERC2980Internal._requireNotZeroAddress
FNDA:25,RuleERC2980Internal._requireNotZeroAddress
DA:143,25
BRDA:143,0,0,2
BRDA:143,0,1,23
DA:155,80
FN:155,RuleERC2980Internal._isWhitelisted
FNDA:80,RuleERC2980Internal._isWhitelisted
DA:156,80
DA:163,5
FN:163,RuleERC2980Internal._whitelistCount
FNDA:5,RuleERC2980Internal._whitelistCount
DA:164,5
DA:172,165
FN:172,RuleERC2980Internal._isFrozen
FNDA:165,RuleERC2980Internal._isFrozen
DA:173,165
DA:180,4
FN:180,RuleERC2980Internal._frozenlistCount
FNDA:4,RuleERC2980Internal._frozenlistCount
DA:181,4
FNF:13
FNH:13
LF:26
LH:26
BRF:2
BRH:2
end_of_record
TN:
SF:src/rules/validation/abstract/base/RuleBlacklistBase.sol
DA:43,29
FN:43,RuleBlacklistBase.transferred.0
FNDA:29,RuleBlacklistBase.transferred.0
DA:49,29
DA:56,94
FN:56,RuleBlacklistBase.transferred.1
FNDA:94,RuleBlacklistBase.transferred.1
DA:62,94
DA:68,7
FN:68,RuleBlacklistBase.canReturnTransferRestrictionCode
FNDA:7,RuleBlacklistBase.canReturnTransferRestrictionCode
DA:75,7
DA:76,3
DA:82,13
FN:82,RuleBlacklistBase.messageForTransferRestriction
FNDA:13,RuleBlacklistBase.messageForTransferRestriction
DA:89,13
BRDA:89,0,0,6
BRDA:89,0,1,3
DA:90,6
DA:91,7
BRDA:91,1,0,3
BRDA:91,1,1,3
DA:92,3
DA:93,4
BRDA:93,2,0,1
BRDA:93,2,1,3
DA:94,1
DA:96,3
DA:103,109
FN:103,RuleBlacklistBase.supportsInterface
FNDA:109,RuleBlacklistBase.supportsInterface
DA:106,109
DA:107,107
DA:108,105
DA:109,103
DA:116,3
FN:116,RuleBlacklistBase.isAllowList
FNDA:3,RuleBlacklistBase.isAllowList
DA:117,3
DA:130,230
FN:130,RuleBlacklistBase._detectTransferRestriction
FNDA:230,RuleBlacklistBase._detectTransferRestriction
DA:141,230
BRDA:141,3,0,54
BRDA:141,3,1,153
DA:142,54
DA:143,176
BRDA:143,4,0,23
DA:144,23
DA:146,153
DA:157,134
FN:157,RuleBlacklistBase._detectTransferRestrictionFrom
FNDA:134,RuleBlacklistBase._detectTransferRestrictionFrom
DA:164,134
BRDA:164,5,0,8
DA:165,8
DA:167,126
DA:176,46
FN:176,RuleBlacklistBase._transferred
FNDA:46,RuleBlacklistBase._transferred
DA:177,46
DA:178,46
BRDA:178,6,0,25
BRDA:178,6,1,21
DA:191,102
FN:191,RuleBlacklistBase._transferredFrom
FNDA:102,RuleBlacklistBase._transferredFrom
DA:192,102
DA:193,102
BRDA:193,7,0,10
BRDA:193,7,1,92
FNF:10
FNH:10
LF:38
LH:38
BRF:14
BRH:14
end_of_record
TN:
SF:src/rules/validation/abstract/base/RuleChainlinkPoRBase.sol
DA:42,624
FN:42,RuleChainlinkPoRBase.constructor
FNDA:624,RuleChainlinkPoRBase.constructor
DA:48,624
DA:49,622
DA:50,620
DA:62,9
FN:62,RuleChainlinkPoRBase.canReturnTransferRestrictionCode
FNDA:9,RuleChainlinkPoRBase.canReturnTransferRestrictionCode
DA:63,9
DA:64,5
DA:65,2
DA:75,16
FN:75,RuleChainlinkPoRBase.transferred.0
FNDA:16,RuleChainlinkPoRBase.transferred.0
DA:76,16
DA:82,16
FN:82,RuleChainlinkPoRBase.transferred.1
FNDA:16,RuleChainlinkPoRBase.transferred.1
DA:83,16
DA:89,9
FN:89,RuleChainlinkPoRBase.messageForTransferRestriction
FNDA:9,RuleChainlinkPoRBase.messageForTransferRestriction
DA:95,9
BRDA:95,0,0,2
BRDA:95,0,1,1
DA:96,2
DA:97,7
BRDA:97,1,0,2
BRDA:97,1,1,1
DA:98,2
DA:99,5
BRDA:99,2,0,2
BRDA:99,2,1,1
DA:100,2
DA:101,3
BRDA:101,3,0,1
BRDA:101,3,1,1
DA:102,1
DA:103,2
BRDA:103,4,0,1
DA:104,1
DA:106,1
DA:116,629
FN:116,RuleChainlinkPoRBase._detectTransferRestriction
FNDA:629,RuleChainlinkPoRBase._detectTransferRestriction
DA:129,629
BRDA:129,5,0,9
DA:130,9
DA:132,620
DA:133,620
BRDA:133,6,0,150
DA:134,150
DA:136,470
DA:137,470
BRDA:137,7,0,4
DA:138,4
DA:142,466
BRDA:142,8,0,241
DA:143,241
DA:145,225
DA:151,5
FN:151,RuleChainlinkPoRBase._detectTransferRestrictionFrom
FNDA:5,RuleChainlinkPoRBase._detectTransferRestrictionFrom
DA:158,5
DA:175,19
FN:175,RuleChainlinkPoRBase._detectTransferRestrictionOnNotify
FNDA:19,RuleChainlinkPoRBase._detectTransferRestrictionOnNotify
DA:181,19
DA:190,16
FN:190,RuleChainlinkPoRBase._transferred
FNDA:16,RuleChainlinkPoRBase._transferred
DA:191,16
DA:192,16
BRDA:192,9,0,7
BRDA:192,9,1,9
DA:205,16
FN:205,RuleChainlinkPoRBase._transferredFrom
FNDA:16,RuleChainlinkPoRBase._transferredFrom
DA:206,16
DA:207,16
BRDA:207,10,0,6
BRDA:207,10,1,10
FNF:10
FNH:10
LF:46
LH:46
BRF:17
BRH:17
end_of_record
TN:
SF:src/rules/validation/abstract/base/RuleERC2980Base.sol
DA:64,87
FN:64,RuleERC2980Base.constructor
FNDA:87,RuleERC2980Base.constructor
DA:65,87
DA:66,87
DA:67,87
DA:68,87
DA:75,5
FN:75,RuleERC2980Base.onlyMintBurnManager
FNDA:5,RuleERC2980Base.onlyMintBurnManager
DA:76,5
DA:80,9
FN:80,RuleERC2980Base.onlyWhitelistAdd
FNDA:9,RuleERC2980Base.onlyWhitelistAdd
DA:81,9
DA:85,7
FN:85,RuleERC2980Base.onlyWhitelistRemove
FNDA:7,RuleERC2980Base.onlyWhitelistRemove
DA:86,7
DA:90,8
FN:90,RuleERC2980Base.onlyFrozenlistAdd
FNDA:8,RuleERC2980Base.onlyFrozenlistAdd
DA:91,8
DA:95,3
FN:95,RuleERC2980Base.onlyFrozenlistRemove
FNDA:3,RuleERC2980Base.onlyFrozenlistRemove
DA:96,3
DA:110,9
FN:110,RuleERC2980Base.addWhitelistAddresses
FNDA:9,RuleERC2980Base.addWhitelistAddresses
DA:111,7
DA:112,6
DA:120,5
FN:120,RuleERC2980Base.removeWhitelistAddresses
FNDA:5,RuleERC2980Base.removeWhitelistAddresses
DA:121,4
DA:122,4
DA:134,55
FN:134,RuleERC2980Base.addWhitelistAddress
FNDA:55,RuleERC2980Base.addWhitelistAddress
DA:135,52
BRDA:135,0,0,1
BRDA:135,0,1,51
DA:136,51
BRDA:136,1,0,1
BRDA:136,1,1,50
DA:137,50
DA:149,7
FN:149,RuleERC2980Base.removeWhitelistAddress
FNDA:7,RuleERC2980Base.removeWhitelistAddress
DA:150,5
BRDA:150,2,0,1
BRDA:150,2,1,4
DA:151,4
DA:164,8
FN:164,RuleERC2980Base.addFrozenlistAddresses
FNDA:8,RuleERC2980Base.addFrozenlistAddresses
DA:165,6
DA:166,5
DA:174,3
FN:174,RuleERC2980Base.removeFrozenlistAddresses
FNDA:3,RuleERC2980Base.removeFrozenlistAddresses
DA:175,3
DA:176,3
DA:188,26
FN:188,RuleERC2980Base.addFrozenlistAddress
FNDA:26,RuleERC2980Base.addFrozenlistAddress
DA:189,23
BRDA:189,3,0,1
BRDA:189,3,1,22
DA:190,22
BRDA:190,4,0,1
BRDA:190,4,1,21
DA:191,21
DA:203,7
FN:203,RuleERC2980Base.removeFrozenlistAddress
FNDA:7,RuleERC2980Base.removeFrozenlistAddress
DA:204,5
BRDA:204,5,0,1
BRDA:204,5,1,4
DA:205,4
DA:216,5
FN:216,RuleERC2980Base.setAllowMint
FNDA:5,RuleERC2980Base.setAllowMint
DA:217,3
DA:218,3
DA:225,3
FN:225,RuleERC2980Base.setAllowBurn
FNDA:3,RuleERC2980Base.setAllowBurn
DA:226,2
DA:227,2
DA:233,8
FN:233,RuleERC2980Base.transferred.0
FNDA:8,RuleERC2980Base.transferred.0
DA:239,8
DA:245,4
FN:245,RuleERC2980Base.transferred.1
FNDA:4,RuleERC2980Base.transferred.1
DA:251,4
DA:257,5
FN:257,RuleERC2980Base.canReturnTransferRestrictionCode
FNDA:5,RuleERC2980Base.canReturnTransferRestrictionCode
DA:264,5
DA:265,3
DA:266,1
DA:272,7
FN:272,RuleERC2980Base.messageForTransferRestriction
FNDA:7,RuleERC2980Base.messageForTransferRestriction
DA:279,7
BRDA:279,6,0,1
BRDA:279,6,1,1
DA:280,1
DA:281,6
BRDA:281,7,0,1
BRDA:281,7,1,1
DA:282,1
DA:283,5
BRDA:283,8,0,1
BRDA:283,8,1,1
DA:284,1
DA:285,4
BRDA:285,9,0,1
BRDA:285,9,1,1
DA:286,1
DA:287,3
BRDA:287,10,0,1
BRDA:287,10,1,1
DA:288,1
DA:289,2
BRDA:289,11,0,1
BRDA:289,11,1,1
DA:290,1
DA:292,1
DA:299,3
FN:299,RuleERC2980Base.supportsInterface
FNDA:3,RuleERC2980Base.supportsInterface
DA:300,3
DA:307,5
FN:307,RuleERC2980Base.whitelistAddressCount
FNDA:5,RuleERC2980Base.whitelistAddressCount
DA:308,5
DA:316,16
FN:316,RuleERC2980Base.isWhitelisted
FNDA:16,RuleERC2980Base.isWhitelisted
DA:317,16
DA:325,17
FN:325,RuleERC2980Base.whitelist
FNDA:17,RuleERC2980Base.whitelist
DA:326,17
DA:336,5
FN:336,RuleERC2980Base.isVerified
FNDA:5,RuleERC2980Base.isVerified
DA:337,5
DA:345,1
FN:345,RuleERC2980Base.areWhitelisted
FNDA:1,RuleERC2980Base.areWhitelisted
DA:346,1
DA:347,1
DA:348,2
DA:356,4
FN:356,RuleERC2980Base.frozenlistAddressCount
FNDA:4,RuleERC2980Base.frozenlistAddressCount
DA:357,4
DA:365,12
FN:365,RuleERC2980Base.isFrozen
FNDA:12,RuleERC2980Base.isFrozen
DA:366,12
DA:374,10
FN:374,RuleERC2980Base.frozenlist
FNDA:10,RuleERC2980Base.frozenlist
DA:375,10
DA:383,1
FN:383,RuleERC2980Base.areFrozen
FNDA:1,RuleERC2980Base.areFrozen
DA:384,1
DA:385,1
DA:386,2
DA:397,0
FN:397,RuleERC2980Base._authorizeMintBurnManager
FNDA:0,RuleERC2980Base._authorizeMintBurnManager
DA:402,0
FN:402,RuleERC2980Base._authorizeWhitelistAdd
FNDA:0,RuleERC2980Base._authorizeWhitelistAdd
DA:406,0
FN:406,RuleERC2980Base._authorizeWhitelistRemove
FNDA:0,RuleERC2980Base._authorizeWhitelistRemove
DA:410,0
FN:410,RuleERC2980Base._authorizeFrozenlistAdd
FNDA:0,RuleERC2980Base._authorizeFrozenlistAdd
DA:414,0
FN:414,RuleERC2980Base._authorizeFrozenlistRemove
FNDA:0,RuleERC2980Base._authorizeFrozenlistRemove
DA:419,78
FN:419,RuleERC2980Base._detectTransferRestriction
FNDA:78,RuleERC2980Base._detectTransferRestriction
DA:430,78
DA:431,78
DA:434,78
BRDA:434,12,0,1
DA:435,1
DA:437,77
BRDA:437,13,0,2
DA:438,2
DA:442,75
BRDA:442,14,0,28
DA:443,28
DA:445,47
BRDA:445,15,0,4
DA:446,4
DA:449,43
BRDA:449,16,0,5
DA:450,5
DA:452,38
DA:458,24
FN:458,RuleERC2980Base._detectTransferRestrictionFrom
FNDA:24,RuleERC2980Base._detectTransferRestrictionFrom
DA:465,24
BRDA:465,17,0,4
DA:466,4
DA:468,20
DA:474,21
FN:474,RuleERC2980Base._transferred
FNDA:21,RuleERC2980Base._transferred
DA:475,21
DA:476,21
BRDA:476,18,0,11
BRDA:476,18,1,10
DA:485,11
FN:485,RuleERC2980Base._transferredFrom
FNDA:11,RuleERC2980Base._transferredFrom
DA:486,11
DA:487,11
BRDA:487,19,0,5
BRDA:487,19,1,6
DA:496,320
FN:496,RuleERC2980Base._msgSender
FNDA:320,RuleERC2980Base._msgSender
DA:497,320
DA:503,2
FN:503,RuleERC2980Base._msgData
FNDA:2,RuleERC2980Base._msgData
DA:504,2
DA:510,322
FN:510,RuleERC2980Base._contextSuffixLength
FNDA:322,RuleERC2980Base._contextSuffixLength
DA:511,322
FNF:42
FNH:37
LF:128
LH:123
BRF:34
BRH:34
end_of_record
TN:
SF:src/rules/validation/abstract/base/RuleIdentityRegistryBase.sol
DA:55,64
FN:55,RuleIdentityRegistryBase.constructor
FNDA:64,RuleIdentityRegistryBase.constructor
DA:60,64
BRDA:60,0,0,57
DA:61,57
DA:62,57
DA:64,64
DA:65,64
DA:66,64
DA:67,64
DA:74,5
FN:74,RuleIdentityRegistryBase.onlyIdentityRegistryManager
FNDA:5,RuleIdentityRegistryBase.onlyIdentityRegistryManager
DA:75,5
DA:88,4
FN:88,RuleIdentityRegistryBase.canReturnTransferRestrictionCode
FNDA:4,RuleIdentityRegistryBase.canReturnTransferRestrictionCode
DA:89,4
DA:90,2
DA:101,4
FN:101,RuleIdentityRegistryBase.setIdentityRegistry
FNDA:4,RuleIdentityRegistryBase.setIdentityRegistry
DA:102,2
BRDA:102,1,0,1
BRDA:102,1,1,1
DA:103,1
DA:104,1
DA:113,3
FN:113,RuleIdentityRegistryBase.setCheckSender
FNDA:3,RuleIdentityRegistryBase.setCheckSender
DA:114,3
DA:115,3
DA:123,6
FN:123,RuleIdentityRegistryBase.setCheckSpender
FNDA:6,RuleIdentityRegistryBase.setCheckSpender
DA:124,6
DA:125,6
DA:131,5
FN:131,RuleIdentityRegistryBase.clearIdentityRegistry
FNDA:5,RuleIdentityRegistryBase.clearIdentityRegistry
DA:132,3
DA:133,3
DA:139,14
FN:139,RuleIdentityRegistryBase.transferred.0
FNDA:14,RuleIdentityRegistryBase.transferred.0
DA:140,14
DA:146,23
FN:146,RuleIdentityRegistryBase.transferred.1
FNDA:23,RuleIdentityRegistryBase.transferred.1
DA:147,23
DA:153,4
FN:153,RuleIdentityRegistryBase.messageForTransferRestriction
FNDA:4,RuleIdentityRegistryBase.messageForTransferRestriction
DA:159,4
BRDA:159,2,0,1
BRDA:159,2,1,1
DA:160,1
DA:161,3
BRDA:161,3,0,1
BRDA:161,3,1,1
DA:162,1
DA:163,2
BRDA:163,4,0,1
DA:164,1
DA:166,1
DA:176,0
FN:176,RuleIdentityRegistryBase._authorizeIdentityRegistryManager
FNDA:0,RuleIdentityRegistryBase._authorizeIdentityRegistryManager
DA:184,121
FN:184,RuleIdentityRegistryBase._detectTransferRestriction
FNDA:121,RuleIdentityRegistryBase._detectTransferRestriction
DA:197,121
DA:198,121
BRDA:198,5,0,10
DA:199,10
DA:202,111
BRDA:202,6,0,10
DA:203,10
DA:207,101
BRDA:207,7,0,2
DA:208,2
DA:213,99
BRDA:213,8,0,13
DA:214,13
DA:216,86
DA:227,57
FN:227,RuleIdentityRegistryBase._detectTransferRestrictionFrom
FNDA:57,RuleIdentityRegistryBase._detectTransferRestrictionFrom
DA:234,57
DA:239,57
BRDA:239,9,0,11
DA:240,11
DA:249,46
BRDA:249,10,0,5
DA:250,5
DA:252,41
DA:258,26
FN:258,RuleIdentityRegistryBase._transferred
FNDA:26,RuleIdentityRegistryBase._transferred
DA:259,26
DA:260,26
BRDA:260,11,0,5
BRDA:260,11,1,21
DA:269,29
FN:269,RuleIdentityRegistryBase._transferredFrom
FNDA:29,RuleIdentityRegistryBase._transferredFrom
DA:270,29
DA:271,29
BRDA:271,12,0,4
BRDA:271,12,1,25
FNF:15
FNH:14
LF:63
LH:62
BRF:18
BRH:18
end_of_record
TN:
SF:src/rules/validation/abstract/base/RuleMaxBalanceBase.sol
DA:42,63
FN:42,RuleMaxBalanceBase.constructor
FNDA:63,RuleMaxBalanceBase.constructor
DA:43,63
DA:44,60
DA:56,3
FN:56,RuleMaxBalanceBase.canReturnTransferRestrictionCode
FNDA:3,RuleMaxBalanceBase.canReturnTransferRestrictionCode
DA:57,3
DA:76,5
FN:76,RuleMaxBalanceBase.remainingCapacity
FNDA:5,RuleMaxBalanceBase.remainingCapacity
DA:77,5
DA:78,5
BRDA:78,0,0,1
DA:79,1
DA:81,4
DA:87,5
FN:87,RuleMaxBalanceBase.transferred.0
FNDA:5,RuleMaxBalanceBase.transferred.0
DA:88,5
DA:94,15
FN:94,RuleMaxBalanceBase.transferred.1
FNDA:15,RuleMaxBalanceBase.transferred.1
DA:95,15
DA:101,3
FN:101,RuleMaxBalanceBase.messageForTransferRestriction
FNDA:3,RuleMaxBalanceBase.messageForTransferRestriction
DA:107,3
BRDA:107,1,0,1
BRDA:107,1,1,1
DA:108,1
DA:109,2
BRDA:109,2,0,1
DA:110,1
DA:112,1
DA:122,46
FN:122,RuleMaxBalanceBase._detectTransferRestriction
FNDA:46,RuleMaxBalanceBase._detectTransferRestriction
DA:134,46
DA:135,46
BRDA:135,3,0,2
DA:136,2
DA:138,17
BRDA:138,4,0,17
DA:139,17
DA:141,27
DA:149,2
FN:149,RuleMaxBalanceBase._detectTransferRestrictionFrom
FNDA:2,RuleMaxBalanceBase._detectTransferRestrictionFrom
DA:156,2
DA:173,18
FN:173,RuleMaxBalanceBase._detectTransferRestrictionOnNotify
FNDA:18,RuleMaxBalanceBase._detectTransferRestrictionOnNotify
DA:179,18
DA:188,5
FN:188,RuleMaxBalanceBase._transferred
FNDA:5,RuleMaxBalanceBase._transferred
DA:189,5
DA:190,5
BRDA:190,5,0,3
BRDA:190,5,1,2
DA:203,15
FN:203,RuleMaxBalanceBase._transferredFrom
FNDA:15,RuleMaxBalanceBase._transferredFrom
DA:204,15
DA:205,15
BRDA:205,6,0,3
BRDA:205,6,1,12
FNF:11
FNH:11
LF:37
LH:37
BRF:10
BRH:10
end_of_record
TN:
SF:src/rules/validation/abstract/base/RuleMaxTotalSupplyBase.sol
DA:28,588
FN:28,RuleMaxTotalSupplyBase.constructor
FNDA:588,RuleMaxTotalSupplyBase.constructor
DA:29,588
DA:30,585
DA:42,4
FN:42,RuleMaxTotalSupplyBase.canReturnTransferRestrictionCode
FNDA:4,RuleMaxTotalSupplyBase.canReturnTransferRestrictionCode
DA:43,4
DA:53,18
FN:53,RuleMaxTotalSupplyBase.transferred.0
FNDA:18,RuleMaxTotalSupplyBase.transferred.0
DA:54,18
DA:60,50
FN:60,RuleMaxTotalSupplyBase.transferred.1
FNDA:50,RuleMaxTotalSupplyBase.transferred.1
DA:61,50
DA:67,4
FN:67,RuleMaxTotalSupplyBase.messageForTransferRestriction
FNDA:4,RuleMaxTotalSupplyBase.messageForTransferRestriction
DA:73,4
BRDA:73,0,0,2
BRDA:73,0,1,1
DA:74,2
DA:75,2
BRDA:75,1,0,1
DA:76,1
DA:78,1
DA:88,868
FN:88,RuleMaxTotalSupplyBase._detectTransferRestriction
FNDA:868,RuleMaxTotalSupplyBase._detectTransferRestriction
DA:100,868
BRDA:100,2,0,856
DA:101,856
DA:102,856
BRDA:102,3,0,4
DA:103,4
DA:105,475
BRDA:105,4,0,475
DA:106,475
DA:109,389
DA:115,4
FN:115,RuleMaxTotalSupplyBase._detectTransferRestrictionFrom
FNDA:4,RuleMaxTotalSupplyBase._detectTransferRestrictionFrom
DA:122,4
DA:139,54
FN:139,RuleMaxTotalSupplyBase._detectTransferRestrictionOnNotify
FNDA:54,RuleMaxTotalSupplyBase._detectTransferRestrictionOnNotify
DA:145,54
DA:154,18
FN:154,RuleMaxTotalSupplyBase._transferred
FNDA:18,RuleMaxTotalSupplyBase._transferred
DA:155,18
DA:156,18
BRDA:156,5,0,7
BRDA:156,5,1,11
DA:169,50
FN:169,RuleMaxTotalSupplyBase._transferredFrom
FNDA:50,RuleMaxTotalSupplyBase._transferredFrom
DA:170,50
DA:171,50
BRDA:171,6,0,4
BRDA:171,6,1,46
FNF:10
FNH:10
LF:33
LH:33
BRF:10
BRH:10
end_of_record
TN:
SF:src/rules/validation/abstract/base/RuleReceiverWhitelistBase.sol
DA:58,2
FN:58,RuleReceiverWhitelistBase.canReturnTransferRestrictionCode
FNDA:2,RuleReceiverWhitelistBase.canReturnTransferRestrictionCode
DA:59,2
DA:69,4
FN:69,RuleReceiverWhitelistBase.transferred.0
FNDA:4,RuleReceiverWhitelistBase.transferred.0
DA:70,4
DA:76,2
FN:76,RuleReceiverWhitelistBase.transferred.1
FNDA:2,RuleReceiverWhitelistBase.transferred.1
DA:77,2
DA:83,2
FN:83,RuleReceiverWhitelistBase.messageForTransferRestriction
FNDA:2,RuleReceiverWhitelistBase.messageForTransferRestriction
DA:89,2
BRDA:89,0,0,1
DA:90,1
DA:92,1
DA:98,8
FN:98,RuleReceiverWhitelistBase.supportsInterface
FNDA:8,RuleReceiverWhitelistBase.supportsInterface
DA:101,8
DA:102,7
DA:103,7
DA:104,6
DA:111,1
FN:111,RuleReceiverWhitelistBase.isAllowList
FNDA:1,RuleReceiverWhitelistBase.isAllowList
DA:112,1
DA:125,21
FN:125,RuleReceiverWhitelistBase._detectTransferRestriction
FNDA:21,RuleReceiverWhitelistBase._detectTransferRestriction
DA:128,21
BRDA:128,1,0,6
DA:129,6
DA:131,15
DA:143,7
FN:143,RuleReceiverWhitelistBase._detectTransferRestrictionFrom
FNDA:7,RuleReceiverWhitelistBase._detectTransferRestrictionFrom
DA:150,7
DA:159,4
FN:159,RuleReceiverWhitelistBase._transferred
FNDA:4,RuleReceiverWhitelistBase._transferred
DA:160,4
DA:161,4
BRDA:161,2,0,1
BRDA:161,2,1,3
DA:174,2
FN:174,RuleReceiverWhitelistBase._transferredFrom
FNDA:2,RuleReceiverWhitelistBase._transferredFrom
DA:175,2
DA:176,2
BRDA:176,3,0,1
BRDA:176,3,1,1
FNF:10
FNH:10
LF:29
LH:29
BRF:6
BRH:6
end_of_record
TN:
SF:src/rules/validation/abstract/base/RuleSanctionsListBase.sol
DA:32,82
FN:32,RuleSanctionsListBase.constructor
FNDA:82,RuleSanctionsListBase.constructor
DA:35,81
BRDA:35,0,0,51
DA:36,51
DA:47,5
FN:47,RuleSanctionsListBase.canReturnTransferRestrictionCode
FNDA:5,RuleSanctionsListBase.canReturnTransferRestrictionCode
DA:48,5
DA:49,2
DA:61,18
FN:61,RuleSanctionsListBase.setSanctionListOracle
FNDA:18,RuleSanctionsListBase.setSanctionListOracle
DA:62,16
BRDA:62,1,0,1
BRDA:62,1,1,15
DA:63,15
DA:70,3
FN:70,RuleSanctionsListBase.clearSanctionListOracle
FNDA:3,RuleSanctionsListBase.clearSanctionListOracle
DA:71,3
DA:77,18
FN:77,RuleSanctionsListBase.transferred.0
FNDA:18,RuleSanctionsListBase.transferred.0
DA:78,18
DA:84,86
FN:84,RuleSanctionsListBase.transferred.1
FNDA:86,RuleSanctionsListBase.transferred.1
DA:85,86
DA:91,5
FN:91,RuleSanctionsListBase.messageForTransferRestriction
FNDA:5,RuleSanctionsListBase.messageForTransferRestriction
DA:97,5
BRDA:97,2,0,2
BRDA:97,2,1,1
DA:98,2
DA:99,3
BRDA:99,3,0,1
BRDA:99,3,1,1
DA:100,1
DA:101,2
BRDA:101,4,0,1
DA:102,1
DA:104,1
DA:111,3
FN:111,RuleSanctionsListBase.onlySanctionListManager
FNDA:3,RuleSanctionsListBase.onlySanctionListManager
DA:112,3
DA:124,69
FN:124,RuleSanctionsListBase._setSanctionListOracle
FNDA:69,RuleSanctionsListBase._setSanctionListOracle
DA:125,69
DA:126,69
DA:133,0
FN:133,RuleSanctionsListBase._authorizeSanctionListManager
FNDA:0,RuleSanctionsListBase._authorizeSanctionListManager
DA:147,212
FN:147,RuleSanctionsListBase._detectTransferRestriction
FNDA:212,RuleSanctionsListBase._detectTransferRestriction
DA:160,212
DA:161,212
BRDA:161,5,0,198
DA:162,198
BRDA:162,6,0,40
BRDA:162,6,1,141
DA:163,40
DA:164,158
BRDA:164,7,0,17
DA:165,17
DA:168,155
DA:179,124
FN:179,RuleSanctionsListBase._detectTransferRestrictionFrom
FNDA:124,RuleSanctionsListBase._detectTransferRestrictionFrom
DA:186,124
DA:191,124
BRDA:191,8,0,8
DA:192,8
DA:194,116
DA:203,34
FN:203,RuleSanctionsListBase._transferred
FNDA:34,RuleSanctionsListBase._transferred
DA:204,34
DA:205,34
BRDA:205,9,0,16
BRDA:205,9,1,18
DA:218,93
FN:218,RuleSanctionsListBase._transferredFrom
FNDA:93,RuleSanctionsListBase._transferredFrom
DA:219,93
DA:220,93
BRDA:220,10,0,6
BRDA:220,10,1,87
FNF:14
FNH:13
LF:48
LH:47
BRF:17
BRH:17
end_of_record
TN:
SF:src/rules/validation/abstract/base/RuleSpenderWhitelistBase.sol
DA:45,2
FN:45,RuleSpenderWhitelistBase.canReturnTransferRestrictionCode
FNDA:2,RuleSpenderWhitelistBase.canReturnTransferRestrictionCode
DA:46,2
DA:56,4
FN:56,RuleSpenderWhitelistBase.transferred.0
FNDA:4,RuleSpenderWhitelistBase.transferred.0
DA:61,6
FN:61,RuleSpenderWhitelistBase.transferred.1
FNDA:6,RuleSpenderWhitelistBase.transferred.1
DA:62,6
DA:68,2
FN:68,RuleSpenderWhitelistBase.messageForTransferRestriction
FNDA:2,RuleSpenderWhitelistBase.messageForTransferRestriction
DA:74,2
BRDA:74,0,0,1
DA:75,1
DA:77,1
DA:83,14
FN:83,RuleSpenderWhitelistBase.supportsInterface
FNDA:14,RuleSpenderWhitelistBase.supportsInterface
DA:86,14
DA:87,12
DA:88,10
DA:99,18
FN:99,RuleSpenderWhitelistBase._detectTransferRestriction
FNDA:18,RuleSpenderWhitelistBase._detectTransferRestriction
DA:100,18
DA:110,38
FN:110,RuleSpenderWhitelistBase._detectTransferRestrictionFrom
FNDA:38,RuleSpenderWhitelistBase._detectTransferRestrictionFrom
DA:119,38
BRDA:119,1,0,16
DA:120,16
DA:122,22
DA:128,14
FN:128,RuleSpenderWhitelistBase._transferred
FNDA:14,RuleSpenderWhitelistBase._transferred
DA:139,18
FN:139,RuleSpenderWhitelistBase._transferredFrom
FNDA:18,RuleSpenderWhitelistBase._transferredFrom
DA:140,18
DA:141,18
BRDA:141,2,0,8
BRDA:141,2,1,10
FNF:9
FNH:9
LF:23
LH:23
BRF:4
BRH:4
end_of_record
TN:
SF:src/rules/validation/abstract/base/RuleWhitelistBase.sol
DA:38,226
FN:38,RuleWhitelistBase.constructor
FNDA:226,RuleWhitelistBase.constructor
DA:41,226
DA:42,226
DA:52,6
FN:52,RuleWhitelistBase.isVerified
FNDA:6,RuleWhitelistBase.isVerified
DA:59,6
DA:65,473
FN:65,RuleWhitelistBase.supportsInterface
FNDA:473,RuleWhitelistBase.supportsInterface
DA:68,473
DA:69,471
DA:70,368
DA:71,265
DA:78,104
FN:78,RuleWhitelistBase.isAllowList
FNDA:104,RuleWhitelistBase.isAllowList
DA:79,104
DA:96,155
FN:96,RuleWhitelistBase._detectTransferRestriction
FNDA:155,RuleWhitelistBase._detectTransferRestriction
DA:107,155
DA:108,155
DA:111,155
DA:112,155
BRDA:112,0,0,11
DA:113,11
DA:118,144
BRDA:118,1,0,38
DA:119,38
DA:121,106
BRDA:121,2,0,16
DA:122,16
DA:124,90
DA:135,43
FN:135,RuleWhitelistBase._detectTransferRestrictionFrom
FNDA:43,RuleWhitelistBase._detectTransferRestrictionFrom
DA:144,43
BRDA:144,3,0,8
DA:145,8
DA:147,35
FNF:6
FNH:6
LF:27
LH:27
BRF:4
BRH:4
end_of_record
TN:
SF:src/rules/validation/abstract/base/RuleWhitelistWrapperBase.sol
DA:47,64
FN:47,RuleWhitelistWrapperBase.constructor
FNDA:64,RuleWhitelistWrapperBase.constructor
DA:50,64
DA:51,64
DA:61,52
FN:61,RuleWhitelistWrapperBase.supportsInterface
FNDA:52,RuleWhitelistWrapperBase.supportsInterface
DA:62,52
DA:73,9
FN:73,RuleWhitelistWrapperBase.isVerified
FNDA:9,RuleWhitelistWrapperBase.isVerified
DA:74,9
DA:88,82
FN:88,RuleWhitelistWrapperBase._detectTransferRestriction
FNDA:82,RuleWhitelistWrapperBase._detectTransferRestriction
DA:100,82
DA:101,82
BRDA:101,0,0,4
DA:102,4
DA:105,78
DA:106,78
DA:113,78
BRDA:113,1,0,2
DA:114,2
DA:116,3
BRDA:116,2,0,3
DA:117,3
BRDA:117,3,0,1
DA:118,1
DA:120,2
DA:122,2
BRDA:122,4,0,2
DA:123,2
BRDA:123,5,0,1
DA:124,1
DA:126,1
DA:129,71
DA:130,71
DA:131,71
DA:133,71
DA:134,71
BRDA:134,6,0,30
BRDA:134,6,1,32
DA:135,30
DA:136,41
BRDA:136,7,0,9
BRDA:136,7,1,32
DA:137,9
DA:139,32
DA:148,14
FN:148,RuleWhitelistWrapperBase._isListedInAnyChild
FNDA:14,RuleWhitelistWrapperBase._isListedInAnyChild
DA:149,14
DA:150,14
DA:151,14
DA:162,38
FN:162,RuleWhitelistWrapperBase._detectTransferRestrictionFrom
FNDA:38,RuleWhitelistWrapperBase._detectTransferRestrictionFrom
DA:171,38
BRDA:171,8,0,2
DA:172,2
DA:175,36
DA:176,36
DA:177,36
DA:178,36
DA:180,36
DA:182,36
BRDA:182,9,0,9
BRDA:182,9,1,18
DA:183,9
DA:184,27
BRDA:184,10,0,1
BRDA:184,10,1,18
DA:185,1
DA:186,26
BRDA:186,11,0,8
BRDA:186,11,1,18
DA:187,8
DA:189,18
DA:201,28
FN:201,RuleWhitelistWrapperBase._transferred.0
FNDA:28,RuleWhitelistWrapperBase._transferred.0
DA:207,28
DA:217,1
FN:217,RuleWhitelistWrapperBase._transferred.1
FNDA:1,RuleWhitelistWrapperBase._transferred.1
DA:223,1
DA:243,106
FN:243,RuleWhitelistWrapperBase._checkRule
FNDA:106,RuleWhitelistWrapperBase._checkRule
DA:244,106
DA:245,106
BRDA:245,12,0,2
BRDA:245,12,1,104
DA:251,104
BRDA:251,13,0,1
BRDA:251,13,1,103
DA:255,103
BRDA:255,14,0,1
BRDA:255,14,1,102
DA:263,121
FN:263,RuleWhitelistWrapperBase._detectTransferRestrictionForTargets
FNDA:121,RuleWhitelistWrapperBase._detectTransferRestrictionForTargets
DA:269,121
DA:270,121
DA:271,121
DA:275,121
DA:276,121
DA:279,174
DA:280,174
DA:281,386
BRDA:281,15,0,188
DA:282,188
DA:283,188
DA:288,174
BRDA:288,16,0,57
DA:289,57
DA:292,121
DA:303,189
FN:303,RuleWhitelistWrapperBase._msgSender
FNDA:189,RuleWhitelistWrapperBase._msgSender
DA:304,189
DA:311,2
FN:311,RuleWhitelistWrapperBase._msgData
FNDA:2,RuleWhitelistWrapperBase._msgData
DA:312,2
DA:319,191
FN:319,RuleWhitelistWrapperBase._contextSuffixLength
FNDA:191,RuleWhitelistWrapperBase._contextSuffixLength
DA:320,191
FNF:13
FNH:13
LF:80
LH:80
BRF:25
BRH:25
end_of_record
TN:
SF:src/rules/validation/abstract/core/BalanceCapManager.sol
DA:43,4
FN:43,BalanceCapManager.onlyMaxBalanceManager
FNDA:4,BalanceCapManager.onlyMaxBalanceManager
DA:44,4
DA:59,6
FN:59,BalanceCapManager.setMaxBalance
FNDA:6,BalanceCapManager.setMaxBalance
DA:60,4
DA:67,5
FN:67,BalanceCapManager.setBalanceToken
FNDA:5,BalanceCapManager.setBalanceToken
DA:68,4
DA:78,12
FN:78,BalanceCapManager.addExemptAddress
FNDA:12,BalanceCapManager.addExemptAddress
DA:79,10
DA:88,3
FN:88,BalanceCapManager.removeExemptAddress
FNDA:3,BalanceCapManager.removeExemptAddress
DA:89,3
DA:98,4
FN:98,BalanceCapManager.addExemptAddresses
FNDA:4,BalanceCapManager.addExemptAddresses
DA:99,4
DA:100,3
DA:108,2
FN:108,BalanceCapManager.removeExemptAddresses
FNDA:2,BalanceCapManager.removeExemptAddresses
DA:109,2
DA:110,2
DA:118,5
FN:118,BalanceCapManager.isExemptAddress
FNDA:5,BalanceCapManager.isExemptAddress
DA:119,5
DA:126,6
FN:126,BalanceCapManager.exemptAddressCount
FNDA:6,BalanceCapManager.exemptAddressCount
DA:127,6
DA:146,10
FN:146,BalanceCapManager._addExemptAddress
FNDA:10,BalanceCapManager._addExemptAddress
DA:147,10
BRDA:147,0,0,1
BRDA:147,0,1,9
DA:148,9
BRDA:148,1,0,1
BRDA:148,1,1,8
DA:149,8
DA:156,3
FN:156,BalanceCapManager._removeExemptAddress
FNDA:3,BalanceCapManager._removeExemptAddress
DA:157,3
BRDA:157,2,0,1
BRDA:157,2,1,2
DA:158,2
DA:165,64
FN:165,BalanceCapManager._setMaxBalance
FNDA:64,BalanceCapManager._setMaxBalance
DA:166,64
DA:167,64
DA:176,67
FN:176,BalanceCapManager._setBalanceToken
FNDA:67,BalanceCapManager._setBalanceToken
DA:177,67
BRDA:177,3,0,1
BRDA:177,3,1,66
DA:180,66
BRDA:180,4,0,2
BRDA:180,4,1,64
DA:181,64
BRDA:181,5,0,64
DA:184,2
BRDA:184,5,1,2
DA:185,2
DA:187,62
DA:188,62
DA:195,0
FN:195,BalanceCapManager._authorizeMaxBalanceManager
FNDA:0,BalanceCapManager._authorizeMaxBalanceManager
DA:208,5
FN:208,BalanceCapManager._remainingCapacity
FNDA:5,BalanceCapManager._remainingCapacity
DA:209,5
BRDA:209,6,0,1
DA:210,1
DA:212,4
DA:213,4
BRDA:213,7,0,1
DA:214,1
DA:216,3
DA:228,44
FN:228,BalanceCapManager._balanceOf
FNDA:44,BalanceCapManager._balanceOf
DA:229,44
BRDA:229,8,0,44
DA:230,41
DA:231,3
BRDA:231,8,1,3
DA:232,3
DA:248,46
FN:248,BalanceCapManager._capExceeded
FNDA:46,BalanceCapManager._capExceeded
DA:256,46
BRDA:256,9,0,6
DA:257,6
DA:259,40
DA:260,40
DA:261,40
BRDA:261,10,0,2
DA:262,2
DA:264,38
FNF:17
FNH:16
LF:59
LH:58
BRF:18
BRH:18
end_of_record
TN:
SF:src/rules/validation/abstract/core/CapAccounting.sol
DA:31,1356
FN:31,CapAccounting._capExceededBy
FNDA:1356,CapAccounting._capExceededBy
DA:33,1356
BRDA:33,0,0,448
DA:34,448
DA:36,908
DA:45,3
FN:45,CapAccounting._capHeadroom
FNDA:3,CapAccounting._capHeadroom
DA:46,3
FNF:2
FNH:2
LF:6
LH:6
BRF:1
BRH:1
end_of_record
TN:
SF:src/rules/validation/abstract/core/ChainlinkPoRFeedManager.sol
DA:52,8
FN:52,ChainlinkPoRFeedManager.onlyChainlinkPoRManager
FNDA:8,ChainlinkPoRFeedManager.onlyChainlinkPoRManager
DA:53,8
DA:67,8
FN:67,ChainlinkPoRFeedManager.setReservesFeed
FNDA:8,ChainlinkPoRFeedManager.setReservesFeed
DA:68,6
DA:77,12
FN:77,ChainlinkPoRFeedManager.setTokenMetadata
FNDA:12,ChainlinkPoRFeedManager.setTokenMetadata
DA:78,10
DA:85,8
FN:85,ChainlinkPoRFeedManager.setMaxStalenessSeconds
FNDA:8,ChainlinkPoRFeedManager.setMaxStalenessSeconds
DA:86,5
DA:96,4
FN:96,ChainlinkPoRFeedManager.feedDecimals
FNDA:4,ChainlinkPoRFeedManager.feedDecimals
DA:97,4
DA:110,659
FN:110,ChainlinkPoRFeedManager.maxBackedSupply
FNDA:659,ChainlinkPoRFeedManager.maxBackedSupply
DA:111,659
DA:126,630
FN:126,ChainlinkPoRFeedManager._setReservesFeed
FNDA:630,ChainlinkPoRFeedManager._setReservesFeed
DA:127,630
DA:128,630
BRDA:128,0,0,1
BRDA:128,0,1,629
DA:129,629
BRDA:129,1,0,1
BRDA:129,1,1,628
DA:130,628
DA:131,628
BRDA:131,2,0,628
DA:132,627
DA:133,1
BRDA:133,2,1,1
DA:134,1
DA:136,627
BRDA:136,3,0,1
BRDA:136,3,1,626
DA:137,626
DA:138,626
DA:149,632
FN:149,ChainlinkPoRFeedManager._setTokenMetadata
FNDA:632,ChainlinkPoRFeedManager._setTokenMetadata
DA:150,632
BRDA:150,4,0,2
BRDA:150,4,1,630
DA:154,630
BRDA:154,5,0,2
BRDA:154,5,1,628
DA:155,628
BRDA:155,6,0,1
BRDA:155,6,1,627
DA:156,627
BRDA:156,7,0,627
DA:157,611
BRDA:157,8,0,1
BRDA:157,8,1,610
DA:166,626
BRDA:166,9,0,1
BRDA:166,9,1,625
DA:169,625
DA:170,625
DA:171,625
DA:178,625
FN:178,ChainlinkPoRFeedManager._setMaxStalenessSeconds
FNDA:625,ChainlinkPoRFeedManager._setMaxStalenessSeconds
DA:179,625
DA:180,625
DA:187,0
FN:187,ChainlinkPoRFeedManager._authorizeChainlinkPoRManager
FNDA:0,ChainlinkPoRFeedManager._authorizeChainlinkPoRManager
DA:195,1279
FN:195,ChainlinkPoRFeedManager._maxBackedSupply
FNDA:1279,ChainlinkPoRFeedManager._maxBackedSupply
DA:196,1279
DA:199,1279
DA:200,1279
BRDA:200,10,0,1279
DA:201,1277
DA:202,2
BRDA:202,10,1,2
DA:203,2
DA:207,1277
BRDA:207,11,0,3
DA:208,3
DA:210,1274
BRDA:210,12,0,1274
DA:216,1271
BRDA:216,13,0,143
DA:217,143
DA:219,1128
DA:221,1128
BRDA:221,14,0,3
DA:222,3
DA:226,1125
DA:227,1125
DA:228,3
BRDA:228,12,1,3
DA:229,3
DA:236,470
FN:236,ChainlinkPoRFeedManager._supplyToken
FNDA:470,ChainlinkPoRFeedManager._supplyToken
DA:237,470
DA:249,1125
FN:249,ChainlinkPoRFeedManager._scaleReserve
FNDA:1125,ChainlinkPoRFeedManager._scaleReserve
DA:250,1125
DA:251,1125
BRDA:251,15,0,76
DA:252,76
DA:254,1049
BRDA:254,16,0,622
DA:256,622
DA:257,622
BRDA:257,17,0,26
DA:258,26
DA:260,596
DA:263,427
FNF:13
FNH:12
LF:69
LH:68
BRF:29
BRH:29
end_of_record
TN:
SF:src/rules/validation/abstract/core/RuleNFTAdapter.sol
DA:56,47
FN:56,RuleNFTAdapter.transferred.0
FNDA:47,RuleNFTAdapter.transferred.0
DA:57,47
BRDA:57,0,0,17
BRDA:57,0,1,30
DA:58,17
DA:60,30
DA:67,50
FN:67,RuleNFTAdapter.transferred.1
FNDA:50,RuleNFTAdapter.transferred.1
DA:68,50
BRDA:68,1,0,17
BRDA:68,1,1,33
DA:69,17
DA:71,33
DA:82,28
FN:82,RuleNFTAdapter.transferred.2
FNDA:28,RuleNFTAdapter.transferred.2
DA:93,28
DA:99,38
FN:99,RuleNFTAdapter.transferred.3
FNDA:38,RuleNFTAdapter.transferred.3
DA:111,38
BRDA:111,2,0,24
BRDA:111,2,1,14
DA:112,24
DA:114,14
DA:121,32
FN:121,RuleNFTAdapter.detectTransferRestriction
FNDA:32,RuleNFTAdapter.detectTransferRestriction
DA:134,32
DA:140,42
FN:140,RuleNFTAdapter.detectTransferRestrictionFrom
FNDA:42,RuleNFTAdapter.detectTransferRestrictionFrom
DA:154,80
DA:162,29
FN:162,RuleNFTAdapter.canTransfer
FNDA:29,RuleNFTAdapter.canTransfer
DA:175,29
DA:181,38
FN:181,RuleNFTAdapter.canTransferFrom
FNDA:38,RuleNFTAdapter.canTransferFrom
DA:195,38
DA:214,215
FN:214,RuleNFTAdapter._isDelegated
FNDA:215,RuleNFTAdapter._isDelegated
DA:215,215
DA:224,0
FN:224,RuleNFTAdapter._transferred
FNDA:0,RuleNFTAdapter._transferred
DA:233,0
FN:233,RuleNFTAdapter._transferredFrom
FNDA:0,RuleNFTAdapter._transferredFrom
FNF:11
FNH:9
LF:26
LH:24
BRF:6
BRH:6
end_of_record
TN:
SF:src/rules/validation/abstract/core/RuleTransferValidation.sol
DA:36,1615
FN:36,RuleTransferValidation.detectTransferRestriction
FNDA:1615,RuleTransferValidation.detectTransferRestriction
DA:43,1615
DA:49,95
FN:49,RuleTransferValidation.detectTransferRestrictionFrom
FNDA:95,RuleTransferValidation.detectTransferRestrictionFrom
DA:56,95
DA:67,64
FN:67,RuleTransferValidation.canTransfer
FNDA:64,RuleTransferValidation.canTransfer
DA:74,64
DA:80,36
FN:80,RuleTransferValidation.canTransferFrom
FNDA:36,RuleTransferValidation.canTransferFrom
DA:87,36
DA:96,655
FN:96,RuleTransferValidation.supportsInterface
FNDA:655,RuleTransferValidation.supportsInterface
DA:97,655
DA:98,652
DA:99,649
DA:100,452
DA:114,0
FN:114,RuleTransferValidation._detectTransferRestriction
FNDA:0,RuleTransferValidation._detectTransferRestriction
DA:128,0
FN:128,RuleTransferValidation._detectTransferRestrictionFrom
FNDA:0,RuleTransferValidation._detectTransferRestrictionFrom
FNF:7
FNH:5
LF:15
LH:13
BRF:0
BRH:0
end_of_record
TN:
SF:src/rules/validation/abstract/core/RuleWhitelistShared.sol
DA:46,32
FN:46,RuleWhitelistShared.onlyMintBurnManager
FNDA:32,RuleWhitelistShared.onlyMintBurnManager
DA:47,32
DA:51,8
FN:51,RuleWhitelistShared.onlyCheckSpenderManager
FNDA:8,RuleWhitelistShared.onlyCheckSpenderManager
DA:52,8
DA:67,10
FN:67,RuleWhitelistShared.canReturnTransferRestrictionCode
FNDA:10,RuleWhitelistShared.canReturnTransferRestrictionCode
DA:68,10
DA:69,5
DA:70,2
DA:71,2
DA:81,19
FN:81,RuleWhitelistShared.messageForTransferRestriction
FNDA:19,RuleWhitelistShared.messageForTransferRestriction
DA:87,19
BRDA:87,0,0,6
BRDA:87,0,1,2
DA:88,6
DA:89,13
BRDA:89,1,0,4
BRDA:89,1,1,2
DA:90,4
DA:91,9
BRDA:91,2,0,2
BRDA:91,2,1,2
DA:92,2
DA:93,7
BRDA:93,3,0,3
BRDA:93,3,1,2
DA:94,3
DA:95,4
BRDA:95,4,0,2
BRDA:95,4,1,2
DA:96,2
DA:98,2
DA:111,8
FN:111,RuleWhitelistShared.setCheckSpender
FNDA:8,RuleWhitelistShared.setCheckSpender
DA:112,6
DA:119,32
FN:119,RuleWhitelistShared.setAllowMint
FNDA:32,RuleWhitelistShared.setAllowMint
DA:120,29
DA:121,29
DA:128,8
FN:128,RuleWhitelistShared.setAllowBurn
FNDA:8,RuleWhitelistShared.setAllowBurn
DA:129,6
DA:130,6
DA:144,40
FN:144,RuleWhitelistShared.transferred.0
FNDA:40,RuleWhitelistShared.transferred.0
DA:145,40
DA:159,18
FN:159,RuleWhitelistShared.transferred.1
FNDA:18,RuleWhitelistShared.transferred.1
DA:160,18
DA:175,296
FN:175,RuleWhitelistShared._setCheckSpender
FNDA:296,RuleWhitelistShared._setCheckSpender
DA:176,296
DA:177,296
DA:185,290
FN:185,RuleWhitelistShared._setAllowMintBurn
FNDA:290,RuleWhitelistShared._setAllowMintBurn
DA:186,290
DA:187,290
DA:188,290
DA:189,290
DA:199,237
FN:199,RuleWhitelistShared._detectMintBurnRestriction
FNDA:237,RuleWhitelistShared._detectMintBurnRestriction
DA:200,237
BRDA:200,5,0,11
DA:201,11
DA:203,226
BRDA:203,6,0,4
DA:204,4
DA:206,222
DA:212,0
FN:212,RuleWhitelistShared._authorizeMintBurnManager
FNDA:0,RuleWhitelistShared._authorizeMintBurnManager
DA:219,0
FN:219,RuleWhitelistShared._authorizeCheckSpenderManager
FNDA:0,RuleWhitelistShared._authorizeCheckSpenderManager
DA:224,73
FN:224,RuleWhitelistShared._transferred
FNDA:73,RuleWhitelistShared._transferred
DA:225,73
DA:226,73
BRDA:226,7,0,33
BRDA:226,7,1,40
DA:235,37
FN:235,RuleWhitelistShared._transferredFrom
FNDA:37,RuleWhitelistShared._transferredFrom
DA:236,37
DA:237,37
BRDA:237,8,0,13
BRDA:237,8,1,24
FNF:16
FNH:14
LF:55
LH:53
BRF:16
BRH:16
end_of_record
TN:
SF:src/rules/validation/abstract/core/TokenSupplyReader.sol
DA:31,0
FN:31,TokenSupplyReader._supplyToken
FNDA:0,TokenSupplyReader._supplyToken
DA:43,1324
FN:43,TokenSupplyReader._currentSupply
FNDA:1324,TokenSupplyReader._currentSupply
DA:44,1324
BRDA:44,0,0,1324
DA:45,1316
DA:46,8
BRDA:46,0,1,8
DA:47,8
DA:65,1216
FN:65,TokenSupplyReader._probeTotalSupplyCallable
FNDA:1216,TokenSupplyReader._probeTotalSupplyCallable
DA:66,1216
BRDA:66,1,0,1216
DA:67,1213
DA:68,3
BRDA:68,1,1,3
DA:69,3
FNF:3
FNH:2
LF:11
LH:10
BRF:4
BRH:4
end_of_record
TN:
SF:src/rules/validation/abstract/core/TotalSupplyCapManager.sol
DA:38,263
FN:38,TotalSupplyCapManager.onlyMaxTotalSupplyManager
FNDA:263,TotalSupplyCapManager.onlyMaxTotalSupplyManager
DA:39,263
DA:51,264
FN:51,TotalSupplyCapManager.setMaxTotalSupply
FNDA:264,TotalSupplyCapManager.setMaxTotalSupply
DA:52,261
DA:59,8
FN:59,TotalSupplyCapManager.setTokenContract
FNDA:8,TotalSupplyCapManager.setTokenContract
DA:60,6
DA:73,846
FN:73,TotalSupplyCapManager._setMaxTotalSupply
FNDA:846,TotalSupplyCapManager._setMaxTotalSupply
DA:74,846
DA:75,846
DA:83,594
FN:83,TotalSupplyCapManager._setTokenContract
FNDA:594,TotalSupplyCapManager._setTokenContract
DA:84,594
DA:85,588
DA:86,588
DA:97,594
FN:97,TotalSupplyCapManager._validateTokenContract
FNDA:594,TotalSupplyCapManager._validateTokenContract
DA:98,594
BRDA:98,0,0,2
BRDA:98,0,1,592
DA:99,592
BRDA:99,1,0,2
BRDA:99,1,1,590
DA:100,590
BRDA:100,2,0,2
BRDA:100,2,1,588
DA:107,0
FN:107,TotalSupplyCapManager._authorizeMaxTotalSupplyManager
FNDA:0,TotalSupplyCapManager._authorizeMaxTotalSupplyManager
DA:112,854
FN:112,TotalSupplyCapManager._supplyToken
FNDA:854,TotalSupplyCapManager._supplyToken
DA:113,854
DA:126,856
FN:126,TotalSupplyCapManager._capExceeded
FNDA:856,TotalSupplyCapManager._capExceeded
DA:127,856
DA:128,856
DA:129,856
BRDA:129,3,0,4
DA:130,4
DA:132,852
FNF:9
FNH:8
LF:26
LH:25
BRF:7
BRH:7
end_of_record
TN:
SF:src/rules/validation/deployment/RuleBlacklist.sol
DA:37,157
FN:37,RuleBlacklist.supportsInterface
FNDA:157,RuleBlacklist.supportsInterface
DA:44,157
DA:45,106
DA:55,39
FN:55,RuleBlacklist._authorizeAddressListAdd
FNDA:39,RuleBlacklist._authorizeAddressListAdd
DA:60,2
FN:60,RuleBlacklist._authorizeAddressListRemove
FNDA:2,RuleBlacklist._authorizeAddressListRemove
DA:70,128
FN:70,RuleBlacklist._msgSender
FNDA:128,RuleBlacklist._msgSender
DA:71,128
DA:78,1
FN:78,RuleBlacklist._msgData
FNDA:1,RuleBlacklist._msgData
DA:79,1
DA:86,129
FN:86,RuleBlacklist._contextSuffixLength
FNDA:129,RuleBlacklist._contextSuffixLength
DA:87,129
FNF:6
FNH:6
LF:11
LH:11
BRF:0
BRH:0
end_of_record
TN:
SF:src/rules/validation/deployment/RuleBlacklistOwnable2Step.sol
DA:36,6
FN:36,RuleBlacklistOwnable2Step.supportsInterface
FNDA:6,RuleBlacklistOwnable2Step.supportsInterface
DA:43,6
DA:44,3
DA:54,2
FN:54,RuleBlacklistOwnable2Step._authorizeAddressListAdd
FNDA:2,RuleBlacklistOwnable2Step._authorizeAddressListAdd
DA:59,2
FN:59,RuleBlacklistOwnable2Step._authorizeAddressListRemove
FNDA:2,RuleBlacklistOwnable2Step._authorizeAddressListRemove
DA:69,12
FN:69,RuleBlacklistOwnable2Step._msgSender
FNDA:12,RuleBlacklistOwnable2Step._msgSender
DA:70,12
DA:77,1
FN:77,RuleBlacklistOwnable2Step._msgData
FNDA:1,RuleBlacklistOwnable2Step._msgData
DA:78,1
DA:85,13
FN:85,RuleBlacklistOwnable2Step._contextSuffixLength
FNDA:13,RuleBlacklistOwnable2Step._contextSuffixLength
DA:86,13
FNF:6
FNH:6
LF:11
LH:11
BRF:0
BRH:0
end_of_record
TN:
SF:src/rules/validation/deployment/RuleChainlinkPoR.sol
DA:47,21
FN:47,RuleChainlinkPoR.supportsInterface
FNDA:21,RuleChainlinkPoR.supportsInterface
DA:54,21
DA:55,14
DA:65,20
FN:65,RuleChainlinkPoR._authorizeChainlinkPoRManager
FNDA:20,RuleChainlinkPoR._authorizeChainlinkPoRManager
FNF:2
FNH:2
LF:4
LH:4
BRF:0
BRH:0
end_of_record
TN:
SF:src/rules/validation/deployment/RuleChainlinkPoRERC3643.sol
DA:55,9
FN:55,RuleChainlinkPoRERC3643._detectTransferRestrictionOnNotify
FNDA:9,RuleChainlinkPoRERC3643._detectTransferRestrictionOnNotify
DA:66,9
FNF:1
FNH:1
LF:2
LH:2
BRF:0
BRH:0
end_of_record
TN:
SF:src/rules/validation/deployment/RuleChainlinkPoRERC3643Ownable2Step.sol
DA:55,2
FN:55,RuleChainlinkPoRERC3643Ownable2Step._detectTransferRestrictionOnNotify
FNDA:2,RuleChainlinkPoRERC3643Ownable2Step._detectTransferRestrictionOnNotify
DA:66,2
FNF:1
FNH:1
LF:2
LH:2
BRF:0
BRH:0
end_of_record
TN:
SF:src/rules/validation/deployment/RuleChainlinkPoROwnable2Step.sol
DA:44,5
FN:44,RuleChainlinkPoROwnable2Step.supportsInterface
FNDA:5,RuleChainlinkPoROwnable2Step.supportsInterface
DA:51,5
DA:52,4
DA:62,8
FN:62,RuleChainlinkPoROwnable2Step._authorizeChainlinkPoRManager
FNDA:8,RuleChainlinkPoROwnable2Step._authorizeChainlinkPoRManager
FNF:2
FNH:2
LF:4
LH:4
BRF:0
BRH:0
end_of_record
TN:
SF:src/rules/validation/deployment/RuleERC2980.sol
DA:46,1
FN:46,RuleERC2980.supportsInterface
FNDA:1,RuleERC2980.supportsInterface
DA:53,1
DA:63,5
FN:63,RuleERC2980._authorizeMintBurnManager
FNDA:5,RuleERC2980._authorizeMintBurnManager
DA:68,57
FN:68,RuleERC2980._authorizeWhitelistAdd
FNDA:57,RuleERC2980._authorizeWhitelistAdd
DA:73,9
FN:73,RuleERC2980._authorizeWhitelistRemove
FNDA:9,RuleERC2980._authorizeWhitelistRemove
DA:78,28
FN:78,RuleERC2980._authorizeFrozenlistAdd
FNDA:28,RuleERC2980._authorizeFrozenlistAdd
DA:83,8
FN:83,RuleERC2980._authorizeFrozenlistRemove
FNDA:8,RuleERC2980._authorizeFrozenlistRemove
DA:93,286
FN:93,RuleERC2980._msgSender
FNDA:286,RuleERC2980._msgSender
DA:94,286
DA:101,1
FN:101,RuleERC2980._msgData
FNDA:1,RuleERC2980._msgData
DA:102,1
DA:109,287
FN:109,RuleERC2980._contextSuffixLength
FNDA:287,RuleERC2980._contextSuffixLength
DA:110,287
FNF:9
FNH:9
LF:13
LH:13
BRF:0
BRH:0
end_of_record
TN:
SF:src/rules/validation/deployment/RuleERC2980Ownable2Step.sol
DA:39,5
FN:39,RuleERC2980Ownable2Step.supportsInterface
FNDA:5,RuleERC2980Ownable2Step.supportsInterface
DA:46,5
DA:56,3
FN:56,RuleERC2980Ownable2Step._authorizeMintBurnManager
FNDA:3,RuleERC2980Ownable2Step._authorizeMintBurnManager
DA:61,7
FN:61,RuleERC2980Ownable2Step._authorizeWhitelistAdd
FNDA:7,RuleERC2980Ownable2Step._authorizeWhitelistAdd
DA:66,3
FN:66,RuleERC2980Ownable2Step._authorizeWhitelistRemove
FNDA:3,RuleERC2980Ownable2Step._authorizeWhitelistRemove
DA:71,6
FN:71,RuleERC2980Ownable2Step._authorizeFrozenlistAdd
FNDA:6,RuleERC2980Ownable2Step._authorizeFrozenlistAdd
DA:76,2
FN:76,RuleERC2980Ownable2Step._authorizeFrozenlistRemove
FNDA:2,RuleERC2980Ownable2Step._authorizeFrozenlistRemove
DA:86,34
FN:86,RuleERC2980Ownable2Step._msgSender
FNDA:34,RuleERC2980Ownable2Step._msgSender
DA:87,34
DA:94,1
FN:94,RuleERC2980Ownable2Step._msgData
FNDA:1,RuleERC2980Ownable2Step._msgData
DA:95,1
DA:102,35
FN:102,RuleERC2980Ownable2Step._contextSuffixLength
FNDA:35,RuleERC2980Ownable2Step._contextSuffixLength
DA:103,35
FNF:9
FNH:9
LF:13
LH:13
BRF:0
BRH:0
end_of_record
TN:
SF:src/rules/validation/deployment/RuleIdentityRegistry.sol
DA:45,66
FN:45,RuleIdentityRegistry.supportsInterface
FNDA:66,RuleIdentityRegistry.supportsInterface
DA:52,66
DA:53,44
DA:63,14
FN:63,RuleIdentityRegistry._authorizeIdentityRegistryManager
FNDA:14,RuleIdentityRegistry._authorizeIdentityRegistryManager
FNF:2
FNH:2
LF:4
LH:4
BRF:0
BRH:0
end_of_record
TN:
SF:src/rules/validation/deployment/RuleIdentityRegistryOwnable2Step.sol
DA:45,5
FN:45,RuleIdentityRegistryOwnable2Step.supportsInterface
FNDA:5,RuleIdentityRegistryOwnable2Step.supportsInterface
DA:52,5
DA:53,2
DA:63,4
FN:63,RuleIdentityRegistryOwnable2Step._authorizeIdentityRegistryManager
FNDA:4,RuleIdentityRegistryOwnable2Step._authorizeIdentityRegistryManager
FNF:2
FNH:2
LF:4
LH:4
BRF:0
BRH:0
end_of_record
TN:
SF:src/rules/validation/deployment/RuleMaxBalance.sol
DA:40,24
FN:40,RuleMaxBalance.supportsInterface
FNDA:24,RuleMaxBalance.supportsInterface
DA:47,24
DA:48,16
DA:58,23
FN:58,RuleMaxBalance._authorizeMaxBalanceManager
FNDA:23,RuleMaxBalance._authorizeMaxBalanceManager
FNF:2
FNH:2
LF:4
LH:4
BRF:0
BRH:0
end_of_record
TN:
SF:src/rules/validation/deployment/RuleMaxBalanceOwnable2Step.sol
DA:41,3
FN:41,RuleMaxBalanceOwnable2Step.supportsInterface
FNDA:3,RuleMaxBalanceOwnable2Step.supportsInterface
DA:48,3
DA:49,2
DA:59,9
FN:59,RuleMaxBalanceOwnable2Step._authorizeMaxBalanceManager
FNDA:9,RuleMaxBalanceOwnable2Step._authorizeMaxBalanceManager
FNF:2
FNH:2
LF:4
LH:4
BRF:0
BRH:0
end_of_record
TN:
SF:src/rules/validation/deployment/RuleMaxTotalSupply.sol
DA:37,79
FN:37,RuleMaxTotalSupply.supportsInterface
FNDA:79,RuleMaxTotalSupply.supportsInterface
DA:44,79
DA:45,53
DA:55,266
FN:55,RuleMaxTotalSupply._authorizeMaxTotalSupplyManager
FNDA:266,RuleMaxTotalSupply._authorizeMaxTotalSupplyManager
FNF:2
FNH:2
LF:4
LH:4
BRF:0
BRH:0
end_of_record
TN:
SF:src/rules/validation/deployment/RuleMaxTotalSupplyERC3643.sol
DA:48,10
FN:48,RuleMaxTotalSupplyERC3643._detectTransferRestrictionOnNotify
FNDA:10,RuleMaxTotalSupplyERC3643._detectTransferRestrictionOnNotify
DA:59,10
FNF:1
FNH:1
LF:2
LH:2
BRF:0
BRH:0
end_of_record
TN:
SF:src/rules/validation/deployment/RuleMaxTotalSupplyERC3643Ownable2Step.sol
DA:48,2
FN:48,RuleMaxTotalSupplyERC3643Ownable2Step._detectTransferRestrictionOnNotify
FNDA:2,RuleMaxTotalSupplyERC3643Ownable2Step._detectTransferRestrictionOnNotify
DA:59,2
FNF:1
FNH:1
LF:2
LH:2
BRF:0
BRH:0
end_of_record
TN:
SF:src/rules/validation/deployment/RuleMaxTotalSupplyOwnable2Step.sol
DA:39,5
FN:39,RuleMaxTotalSupplyOwnable2Step.supportsInterface
FNDA:5,RuleMaxTotalSupplyOwnable2Step.supportsInterface
DA:46,5
DA:47,2
DA:57,6
FN:57,RuleMaxTotalSupplyOwnable2Step._authorizeMaxTotalSupplyManager
FNDA:6,RuleMaxTotalSupplyOwnable2Step._authorizeMaxTotalSupplyManager
FNF:2
FNH:2
LF:4
LH:4
BRF:0
BRH:0
end_of_record
TN:
SF:src/rules/validation/deployment/RuleReceiverWhitelist.sol
DA:38,7
FN:38,RuleReceiverWhitelist.supportsInterface
FNDA:7,RuleReceiverWhitelist.supportsInterface
DA:45,7
DA:46,6
DA:56,22
FN:56,RuleReceiverWhitelist._authorizeAddressListAdd
FNDA:22,RuleReceiverWhitelist._authorizeAddressListAdd
DA:61,3
FN:61,RuleReceiverWhitelist._authorizeAddressListRemove
FNDA:3,RuleReceiverWhitelist._authorizeAddressListRemove
DA:71,64
FN:71,RuleReceiverWhitelist._msgSender
FNDA:64,RuleReceiverWhitelist._msgSender
DA:72,64
DA:79,1
FN:79,RuleReceiverWhitelist._msgData
FNDA:1,RuleReceiverWhitelist._msgData
DA:80,1
DA:87,66
FN:87,RuleReceiverWhitelist._contextSuffixLength
FNDA:66,RuleReceiverWhitelist._contextSuffixLength
DA:88,66
FNF:6
FNH:6
LF:11
LH:11
BRF:0
BRH:0
end_of_record
TN:
SF:src/rules/validation/deployment/RuleReceiverWhitelistOwnable2Step.sol
DA:39,5
FN:39,RuleReceiverWhitelistOwnable2Step.supportsInterface
FNDA:5,RuleReceiverWhitelistOwnable2Step.supportsInterface
DA:46,5
DA:47,2
DA:57,2
FN:57,RuleReceiverWhitelistOwnable2Step._authorizeAddressListAdd
FNDA:2,RuleReceiverWhitelistOwnable2Step._authorizeAddressListAdd
DA:62,2
FN:62,RuleReceiverWhitelistOwnable2Step._authorizeAddressListRemove
FNDA:2,RuleReceiverWhitelistOwnable2Step._authorizeAddressListRemove
DA:72,10
FN:72,RuleReceiverWhitelistOwnable2Step._msgSender
FNDA:10,RuleReceiverWhitelistOwnable2Step._msgSender
DA:73,10
DA:80,1
FN:80,RuleReceiverWhitelistOwnable2Step._msgData
FNDA:1,RuleReceiverWhitelistOwnable2Step._msgData
DA:81,1
DA:88,12
FN:88,RuleReceiverWhitelistOwnable2Step._contextSuffixLength
FNDA:12,RuleReceiverWhitelistOwnable2Step._contextSuffixLength
DA:89,12
FNF:6
FNH:6
LF:11
LH:11
BRF:0
BRH:0
end_of_record
TN:
SF:src/rules/validation/deployment/RuleSanctionsList.sol
DA:40,115
FN:40,RuleSanctionsList.supportsInterface
FNDA:115,RuleSanctionsList.supportsInterface
DA:47,115
DA:48,77
DA:58,18
FN:58,RuleSanctionsList._authorizeSanctionListManager
FNDA:18,RuleSanctionsList._authorizeSanctionListManager
DA:68,93
FN:68,RuleSanctionsList._msgSender
FNDA:93,RuleSanctionsList._msgSender
DA:69,93
DA:76,1
FN:76,RuleSanctionsList._msgData
FNDA:1,RuleSanctionsList._msgData
DA:77,1
DA:84,94
FN:84,RuleSanctionsList._contextSuffixLength
FNDA:94,RuleSanctionsList._contextSuffixLength
DA:85,94
FNF:5
FNH:5
LF:10
LH:10
BRF:0
BRH:0
end_of_record
TN:
SF:src/rules/validation/deployment/RuleSanctionsListOwnable2Step.sol
DA:42,5
FN:42,RuleSanctionsListOwnable2Step.supportsInterface
FNDA:5,RuleSanctionsListOwnable2Step.supportsInterface
DA:49,5
DA:50,2
DA:60,3
FN:60,RuleSanctionsListOwnable2Step._authorizeSanctionListManager
FNDA:3,RuleSanctionsListOwnable2Step._authorizeSanctionListManager
DA:70,11
FN:70,RuleSanctionsListOwnable2Step._msgSender
FNDA:11,RuleSanctionsListOwnable2Step._msgSender
DA:71,11
DA:78,1
FN:78,RuleSanctionsListOwnable2Step._msgData
FNDA:1,RuleSanctionsListOwnable2Step._msgData
DA:79,1
DA:86,13
FN:86,RuleSanctionsListOwnable2Step._contextSuffixLength
FNDA:13,RuleSanctionsListOwnable2Step._contextSuffixLength
DA:87,13
FNF:5
FNH:5
LF:10
LH:10
BRF:0
BRH:0
end_of_record
TN:
SF:src/rules/validation/deployment/RuleSpenderWhitelist.sol
DA:38,14
FN:38,RuleSpenderWhitelist.supportsInterface
FNDA:14,RuleSpenderWhitelist.supportsInterface
DA:45,14
DA:46,11
DA:56,9
FN:56,RuleSpenderWhitelist._authorizeAddressListAdd
FNDA:9,RuleSpenderWhitelist._authorizeAddressListAdd
DA:61,2
FN:61,RuleSpenderWhitelist._authorizeAddressListRemove
FNDA:2,RuleSpenderWhitelist._authorizeAddressListRemove
DA:71,46
FN:71,RuleSpenderWhitelist._msgSender
FNDA:46,RuleSpenderWhitelist._msgSender
DA:72,46
DA:79,1
FN:79,RuleSpenderWhitelist._msgData
FNDA:1,RuleSpenderWhitelist._msgData
DA:80,1
DA:87,48
FN:87,RuleSpenderWhitelist._contextSuffixLength
FNDA:48,RuleSpenderWhitelist._contextSuffixLength
DA:88,48
FNF:6
FNH:6
LF:11
LH:11
BRF:0
BRH:0
end_of_record
TN:
SF:src/rules/validation/deployment/RuleSpenderWhitelistOwnable2Step.sol
DA:39,6
FN:39,RuleSpenderWhitelistOwnable2Step.supportsInterface
FNDA:6,RuleSpenderWhitelistOwnable2Step.supportsInterface
DA:46,6
DA:47,3
DA:57,2
FN:57,RuleSpenderWhitelistOwnable2Step._authorizeAddressListAdd
FNDA:2,RuleSpenderWhitelistOwnable2Step._authorizeAddressListAdd
DA:62,2
FN:62,RuleSpenderWhitelistOwnable2Step._authorizeAddressListRemove
FNDA:2,RuleSpenderWhitelistOwnable2Step._authorizeAddressListRemove
DA:72,10
FN:72,RuleSpenderWhitelistOwnable2Step._msgSender
FNDA:10,RuleSpenderWhitelistOwnable2Step._msgSender
DA:73,10
DA:80,1
FN:80,RuleSpenderWhitelistOwnable2Step._msgData
FNDA:1,RuleSpenderWhitelistOwnable2Step._msgData
DA:81,1
DA:88,12
FN:88,RuleSpenderWhitelistOwnable2Step._contextSuffixLength
FNDA:12,RuleSpenderWhitelistOwnable2Step._contextSuffixLength
DA:89,12
FNF:6
FNH:6
LF:11
LH:11
BRF:0
BRH:0
end_of_record
TN:
SF:src/rules/validation/deployment/RuleWhitelist.sol
DA:47,703
FN:47,RuleWhitelist.supportsInterface
FNDA:703,RuleWhitelist.supportsInterface
DA:54,703
DA:55,470
DA:65,2
FN:65,RuleWhitelist._authorizeCheckSpenderManager
FNDA:2,RuleWhitelist._authorizeCheckSpenderManager
DA:70,30
FN:70,RuleWhitelist._authorizeMintBurnManager
FNDA:30,RuleWhitelist._authorizeMintBurnManager
DA:75,881
FN:75,RuleWhitelist._authorizeAddressListAdd
FNDA:881,RuleWhitelist._authorizeAddressListAdd
DA:80,265
FN:80,RuleWhitelist._authorizeAddressListRemove
FNDA:265,RuleWhitelist._authorizeAddressListRemove
DA:90,1402
FN:90,RuleWhitelist._msgSender
FNDA:1402,RuleWhitelist._msgSender
DA:91,1402
DA:98,1
FN:98,RuleWhitelist._msgData
FNDA:1,RuleWhitelist._msgData
DA:99,1
DA:106,1403
FN:106,RuleWhitelist._contextSuffixLength
FNDA:1403,RuleWhitelist._contextSuffixLength
DA:107,1403
FNF:8
FNH:8
LF:13
LH:13
BRF:0
BRH:0
end_of_record
TN:
SF:src/rules/validation/deployment/RuleWhitelistOwnable2Step.sol
DA:40,6
FN:40,RuleWhitelistOwnable2Step.supportsInterface
FNDA:6,RuleWhitelistOwnable2Step.supportsInterface
DA:47,6
DA:48,3
DA:58,2
FN:58,RuleWhitelistOwnable2Step._authorizeAddressListAdd
FNDA:2,RuleWhitelistOwnable2Step._authorizeAddressListAdd
DA:63,2
FN:63,RuleWhitelistOwnable2Step._authorizeAddressListRemove
FNDA:2,RuleWhitelistOwnable2Step._authorizeAddressListRemove
DA:68,2
FN:68,RuleWhitelistOwnable2Step._authorizeCheckSpenderManager
FNDA:2,RuleWhitelistOwnable2Step._authorizeCheckSpenderManager
DA:73,3
FN:73,RuleWhitelistOwnable2Step._authorizeMintBurnManager
FNDA:3,RuleWhitelistOwnable2Step._authorizeMintBurnManager
DA:83,19
FN:83,RuleWhitelistOwnable2Step._msgSender
FNDA:19,RuleWhitelistOwnable2Step._msgSender
DA:84,19
DA:91,1
FN:91,RuleWhitelistOwnable2Step._msgData
FNDA:1,RuleWhitelistOwnable2Step._msgData
DA:92,1
DA:99,20
FN:99,RuleWhitelistOwnable2Step._contextSuffixLength
FNDA:20,RuleWhitelistOwnable2Step._contextSuffixLength
DA:100,20
FNF:8
FNH:8
LF:13
LH:13
BRF:0
BRH:0
end_of_record
TN:
SF:src/rules/validation/deployment/RuleWhitelistWrapper.sol
DA:47,56
FN:47,RuleWhitelistWrapper.hasRole
FNDA:56,RuleWhitelistWrapper.hasRole
DA:48,173
DA:56,50
FN:56,RuleWhitelistWrapper.supportsInterface
FNDA:50,RuleWhitelistWrapper.supportsInterface
DA:63,50
DA:64,35
DA:77,56
FN:77,RuleWhitelistWrapper._grantRole
FNDA:56,RuleWhitelistWrapper._grantRole
DA:78,56
DA:87,1
FN:87,RuleWhitelistWrapper._revokeRole
FNDA:1,RuleWhitelistWrapper._revokeRole
DA:88,1
DA:98,2
FN:98,RuleWhitelistWrapper._authorizeCheckSpenderManager
FNDA:2,RuleWhitelistWrapper._authorizeCheckSpenderManager
DA:103,4
FN:103,RuleWhitelistWrapper._authorizeMintBurnManager
FNDA:4,RuleWhitelistWrapper._authorizeMintBurnManager
DA:109,105
FN:109,RuleWhitelistWrapper._onlyRulesManager
FNDA:105,RuleWhitelistWrapper._onlyRulesManager
DA:114,2
FN:114,RuleWhitelistWrapper._onlyRulesLimitManager
FNDA:2,RuleWhitelistWrapper._onlyRulesLimitManager
DA:120,172
FN:120,RuleWhitelistWrapper._msgSender
FNDA:172,RuleWhitelistWrapper._msgSender
DA:121,172
DA:128,1
FN:128,RuleWhitelistWrapper._msgData
FNDA:1,RuleWhitelistWrapper._msgData
DA:129,1
DA:136,173
FN:136,RuleWhitelistWrapper._contextSuffixLength
FNDA:173,RuleWhitelistWrapper._contextSuffixLength
DA:143,173
FNF:11
FNH:11
LF:19
LH:19
BRF:0
BRH:0
end_of_record
TN:
SF:src/rules/validation/deployment/RuleWhitelistWrapperOwnable2Step.sol
DA:40,5
FN:40,RuleWhitelistWrapperOwnable2Step.supportsInterface
FNDA:5,RuleWhitelistWrapperOwnable2Step.supportsInterface
DA:47,5
DA:48,2
DA:58,2
FN:58,RuleWhitelistWrapperOwnable2Step._authorizeCheckSpenderManager
FNDA:2,RuleWhitelistWrapperOwnable2Step._authorizeCheckSpenderManager
DA:63,3
FN:63,RuleWhitelistWrapperOwnable2Step._authorizeMintBurnManager
FNDA:3,RuleWhitelistWrapperOwnable2Step._authorizeMintBurnManager
DA:69,2
FN:69,RuleWhitelistWrapperOwnable2Step._onlyRulesManager
FNDA:2,RuleWhitelistWrapperOwnable2Step._onlyRulesManager
DA:74,1
FN:74,RuleWhitelistWrapperOwnable2Step._onlyRulesLimitManager
FNDA:1,RuleWhitelistWrapperOwnable2Step._onlyRulesLimitManager
DA:84,17
FN:84,RuleWhitelistWrapperOwnable2Step._msgSender
FNDA:17,RuleWhitelistWrapperOwnable2Step._msgSender
DA:85,17
DA:92,1
FN:92,RuleWhitelistWrapperOwnable2Step._msgData
FNDA:1,RuleWhitelistWrapperOwnable2Step._msgData
DA:93,1
DA:100,18
FN:100,RuleWhitelistWrapperOwnable2Step._contextSuffixLength
FNDA:18,RuleWhitelistWrapperOwnable2Step._contextSuffixLength
DA:107,18
FNF:8
FNH:8
LF:13
LH:13
BRF:0
BRH:0
end_of_record
